<?xml version="1.0" encoding="UTF-8"?>
<testsuite name="com.example.SpringReactBookstore.controllers.BookControllerTest" tests="2" skipped="0" failures="0" errors="0" timestamp="2022-06-22T19:19:21" hostname="AMBUS001203" time="0.155">
  <properties/>
  <testcase name="shouldReturnBookDTOListWhenGetBooksByTitleIsCalled()" classname="com.example.SpringReactBookstore.controllers.BookControllerTest" time="0.153"/>
  <testcase name="shouldReturnBookDTOListWhenGetBooksIsCalled()" classname="com.example.SpringReactBookstore.controllers.BookControllerTest" time="0.002"/>
  <system-out><![CDATA[]]></system-out>
  <system-err><![CDATA[]]></system-err>
</testsuite>
