<?xml version="1.0" encoding="UTF-8"?>
<testsuite name="com.example.SpringReactBookstore.services.BookServiceTest" tests="2" skipped="0" failures="0" errors="0" timestamp="2022-06-22T19:19:21" hostname="AMBUS001203" time="0.471">
  <properties/>
  <testcase name="shouldReturnBooksByTitle_IgnoreCase()" classname="com.example.SpringReactBookstore.services.BookServiceTest" time="0.464"/>
  <testcase name="shouldReturnListOfBookDTOWhenGetBooksIsCalled()" classname="com.example.SpringReactBookstore.services.BookServiceTest" time="0.006"/>
  <system-out><![CDATA[]]></system-out>
  <system-err><![CDATA[]]></system-err>
</testsuite>
