<?xml version="1.0" encoding="UTF-8"?>
<testsuite name="com.example.SpringReactBookstore.services.BookServiceTest" tests="1" skipped="0" failures="0" errors="0" timestamp="2022-06-17T20:50:20" hostname="AMBUS001203" time="0.618">
  <properties/>
  <testcase name="shouldReturnListOfBookDTOWhenGetBooksIsCalled()" classname="com.example.SpringReactBookstore.services.BookServiceTest" time="0.618"/>
  <system-out><![CDATA[]]></system-out>
  <system-err><![CDATA[]]></system-err>
</testsuite>
