<?xml version="1.0" encoding="UTF-8"?>
<testsuite name="com.example.SpringReactBookstore.SpringReactBookstoreApplicationTests" tests="1" skipped="0" failures="0" errors="0" timestamp="2022-06-22T19:19:21" hostname="AMBUS001203" time="0.003">
  <properties/>
  <testcase name="contextLoads()" classname="com.example.SpringReactBookstore.SpringReactBookstoreApplicationTests" time="0.003"/>
  <system-out><![CDATA[2022-06-22 14:19:20.417  INFO 91220 --- [    Test worker] .b.t.c.SpringBootTestContextBootstrapper : Neither @ContextConfiguration nor @ContextHierarchy found for test class [com.example.SpringReactBookstore.SpringReactBookstoreApplicationTests], using SpringBootContextLoader
2022-06-22 14:19:20.419  INFO 91220 --- [    Test worker] o.s.t.c.support.AbstractContextLoader    : Could not detect default resource locations for test class [com.example.SpringReactBookstore.SpringReactBookstoreApplicationTests]: no resource found for suffixes {-context.xml, Context.groovy}.
2022-06-22 14:19:20.420  INFO 91220 --- [    Test worker] t.c.s.AnnotationConfigContextLoaderUtils : Could not detect default configuration classes for test class [com.example.SpringReactBookstore.SpringReactBookstoreApplicationTests]: SpringReactBookstoreApplicationTests does not declare any static, non-private, non-final, nested classes annotated with @Configuration.
2022-06-22 14:19:20.428  INFO 91220 --- [    Test worker] .b.t.c.SpringBootTestContextBootstrapper : Found @SpringBootConfiguration com.example.SpringReactBookstore.SpringReactBookstoreApplication for test class com.example.SpringReactBookstore.SpringReactBookstoreApplicationTests
2022-06-22 14:19:20.432  INFO 91220 --- [    Test worker] .b.t.c.SpringBootTestContextBootstrapper : Loaded default TestExecutionListener class names from location [META-INF/spring.factories]: [org.springframework.boot.test.autoconfigure.restdocs.RestDocsTestExecutionListener, org.springframework.boot.test.autoconfigure.web.client.MockRestServiceServerResetTestExecutionListener, org.springframework.boot.test.autoconfigure.web.servlet.MockMvcPrintOnlyOnFailureTestExecutionListener, org.springframework.boot.test.autoconfigure.web.servlet.WebDriverTestExecutionListener, org.springframework.boot.test.autoconfigure.webservices.client.MockWebServiceServerTestExecutionListener, org.springframework.boot.test.mock.mockito.MockitoTestExecutionListener, org.springframework.boot.test.mock.mockito.ResetMocksTestExecutionListener, org.springframework.test.context.web.ServletTestExecutionListener, org.springframework.test.context.support.DirtiesContextBeforeModesTestExecutionListener, org.springframework.test.context.event.ApplicationEventsTestExecutionListener, org.springframework.test.context.support.DependencyInjectionTestExecutionListener, org.springframework.test.context.support.DirtiesContextTestExecutionListener, org.springframework.test.context.transaction.TransactionalTestExecutionListener, org.springframework.test.context.jdbc.SqlScriptsTestExecutionListener, org.springframework.test.context.event.EventPublishingTestExecutionListener]
2022-06-22 14:19:20.433  INFO 91220 --- [    Test worker] .b.t.c.SpringBootTestContextBootstrapper : Using TestExecutionListeners: [org.springframework.test.context.web.ServletTestExecutionListener@3f6c14fc, org.springframework.test.context.support.DirtiesContextBeforeModesTestExecutionListener@2552e7a2, org.springframework.test.context.event.ApplicationEventsTestExecutionListener@18c7295e, org.springframework.boot.test.mock.mockito.MockitoTestExecutionListener@34199d1c, org.springframework.boot.test.autoconfigure.SpringBootDependencyInjectionTestExecutionListener@6b8db497, org.springframework.test.context.support.DirtiesContextTestExecutionListener@59d031b3, org.springframework.test.context.transaction.TransactionalTestExecutionListener@787c7e0e, org.springframework.test.context.jdbc.SqlScriptsTestExecutionListener@f5ed60, org.springframework.test.context.event.EventPublishingTestExecutionListener@65ad8e5, org.springframework.boot.test.autoconfigure.restdocs.RestDocsTestExecutionListener@5e5f2c34, org.springframework.boot.test.autoconfigure.web.client.MockRestServiceServerResetTestExecutionListener@45c8a5ff, org.springframework.boot.test.autoconfigure.web.servlet.MockMvcPrintOnlyOnFailureTestExecutionListener@6a79decb, org.springframework.boot.test.autoconfigure.web.servlet.WebDriverTestExecutionListener@3a34be91, org.springframework.boot.test.autoconfigure.webservices.client.MockWebServiceServerTestExecutionListener@1dad1b6f, org.springframework.boot.test.mock.mockito.ResetMocksTestExecutionListener@1d4aa278]

  .   ____          _            __ _ _
 /\\ / ___'_ __ _ _(_)_ __  __ _ \ \ \ \
( ( )\___ | '_ | '_| | '_ \/ _` | \ \ \ \
 \\/  ___)| |_)| | | | | || (_| |  ) ) ) )
  '  |____| .__|_| |_|_| |_\__, | / / / /
 =========|_|==============|___/=/_/_/_/
 :: Spring Boot ::                (v2.7.0)

2022-06-22 14:19:20.482  INFO 91220 --- [    Test worker] e.S.SpringReactBookstoreApplicationTests : Starting SpringReactBookstoreApplicationTests using Java 17.0.3 on AMBUS001203 with PID 91220 (started by m_2171923 in /Users/m_2171923/Desktop/UDEMY/SPRING_REACT_BOOKSTORE)
2022-06-22 14:19:20.484  INFO 91220 --- [    Test worker] e.S.SpringReactBookstoreApplicationTests : No active profile set, falling back to 1 default profile: "default"
2022-06-22 14:19:20.729  INFO 91220 --- [    Test worker] .s.d.r.c.RepositoryConfigurationDelegate : Bootstrapping Spring Data JPA repositories in DEFAULT mode.
2022-06-22 14:19:20.757  INFO 91220 --- [    Test worker] .s.d.r.c.RepositoryConfigurationDelegate : Finished Spring Data repository scanning in 26 ms. Found 1 JPA repository interfaces.
2022-06-22 14:19:20.930  INFO 91220 --- [    Test worker] o.f.c.internal.license.VersionPrinter    : Flyway Community Edition 8.5.12 by Redgate
2022-06-22 14:19:20.931  INFO 91220 --- [    Test worker] o.f.c.internal.license.VersionPrinter    : See what's new here: https://flywaydb.org/documentation/learnmore/releaseNotes#8.5.12
2022-06-22 14:19:20.931  INFO 91220 --- [    Test worker] o.f.c.internal.license.VersionPrinter    : 
2022-06-22 14:19:20.933  INFO 91220 --- [    Test worker] com.zaxxer.hikari.HikariDataSource       : HikariPool-3 - Starting...
2022-06-22 14:19:20.944  INFO 91220 --- [    Test worker] com.zaxxer.hikari.HikariDataSource       : HikariPool-3 - Start completed.
2022-06-22 14:19:20.945  INFO 91220 --- [    Test worker] o.f.c.i.database.base.BaseDatabaseType   : Database: jdbc:h2:mem:testdb (H2 2.1)
2022-06-22 14:19:20.950  WARN 91220 --- [    Test worker] o.f.c.internal.database.base.Database    : Flyway upgrade recommended: H2 2.1.212 is newer than this version of Flyway and support has not been tested. The latest supported version of H2 is 2.1.210.
2022-06-22 14:19:20.958  INFO 91220 --- [    Test worker] o.f.core.internal.command.DbValidate     : Successfully validated 1 migration (execution time 00:00.002s)
2022-06-22 14:19:20.964  INFO 91220 --- [    Test worker] o.f.c.i.s.JdbcTableSchemaHistory         : Creating Schema History table "PUBLIC"."flyway_schema_history" ...
2022-06-22 14:19:20.977  INFO 91220 --- [    Test worker] o.f.core.internal.command.DbMigrate      : Current version of schema "PUBLIC": << Empty Schema >>
2022-06-22 14:19:20.983  INFO 91220 --- [    Test worker] o.f.core.internal.command.DbMigrate      : Migrating schema "PUBLIC" to version "1 - Book Schema"
2022-06-22 14:19:20.993  INFO 91220 --- [    Test worker] o.f.core.internal.command.DbMigrate      : Successfully applied 1 migration to schema "PUBLIC", now at version v1 (execution time 00:00.017s)
2022-06-22 14:19:21.053  INFO 91220 --- [    Test worker] o.hibernate.jpa.internal.util.LogHelper  : HHH000204: Processing PersistenceUnitInfo [name: default]
2022-06-22 14:19:21.065  INFO 91220 --- [    Test worker] org.hibernate.dialect.Dialect            : HHH000400: Using dialect: org.hibernate.dialect.H2Dialect
2022-06-22 14:19:21.128  INFO 91220 --- [    Test worker] o.h.e.t.j.p.i.JtaPlatformInitiator       : HHH000490: Using JtaPlatform implementation: [org.hibernate.engine.transaction.jta.platform.internal.NoJtaPlatform]
2022-06-22 14:19:21.129  INFO 91220 --- [    Test worker] j.LocalContainerEntityManagerFactoryBean : Initialized JPA EntityManagerFactory for persistence unit 'default'
2022-06-22 14:19:21.297  WARN 91220 --- [    Test worker] JpaBaseConfiguration$JpaWebConfiguration : spring.jpa.open-in-view is enabled by default. Therefore, database queries may be performed during view rendering. Explicitly configure spring.jpa.open-in-view to disable this warning
2022-06-22 14:19:21.590  INFO 91220 --- [    Test worker] e.S.SpringReactBookstoreApplicationTests : Started SpringReactBookstoreApplicationTests in 1.145 seconds (JVM running for 23.113)
]]></system-out>
  <system-err><![CDATA[]]></system-err>
</testsuite>
