<?xml version="1.0" encoding="UTF-8"?>
<testsuite name="com.example.SpringReactBookstore.SpringReactBookstoreApplicationTests" tests="1" skipped="0" failures="0" errors="0" timestamp="2022-06-17T20:50:18" hostname="AMBUS001203" time="0.012">
  <properties/>
  <testcase name="contextLoads()" classname="com.example.SpringReactBookstore.SpringReactBookstoreApplicationTests" time="0.012"/>
  <system-out><![CDATA[2022-06-17 15:50:16.242  INFO 37677 --- [    Test worker] .b.t.c.SpringBootTestContextBootstrapper : Neither @ContextConfiguration nor @ContextHierarchy found for test class [com.example.SpringReactBookstore.SpringReactBookstoreApplicationTests], using SpringBootContextLoader
2022-06-17 15:50:16.244  INFO 37677 --- [    Test worker] o.s.t.c.support.AbstractContextLoader    : Could not detect default resource locations for test class [com.example.SpringReactBookstore.SpringReactBookstoreApplicationTests]: no resource found for suffixes {-context.xml, Context.groovy}.
2022-06-17 15:50:16.247  INFO 37677 --- [    Test worker] t.c.s.AnnotationConfigContextLoaderUtils : Could not detect default configuration classes for test class [com.example.SpringReactBookstore.SpringReactBookstoreApplicationTests]: SpringReactBookstoreApplicationTests does not declare any static, non-private, non-final, nested classes annotated with @Configuration.
2022-06-17 15:50:16.279  INFO 37677 --- [    Test worker] .b.t.c.SpringBootTestContextBootstrapper : Found @SpringBootConfiguration com.example.SpringReactBookstore.SpringReactBookstoreApplication for test class com.example.SpringReactBookstore.SpringReactBookstoreApplicationTests
2022-06-17 15:50:16.283  INFO 37677 --- [    Test worker] .b.t.c.SpringBootTestContextBootstrapper : Loaded default TestExecutionListener class names from location [META-INF/spring.factories]: [org.springframework.boot.test.autoconfigure.restdocs.RestDocsTestExecutionListener, org.springframework.boot.test.autoconfigure.web.client.MockRestServiceServerResetTestExecutionListener, org.springframework.boot.test.autoconfigure.web.servlet.MockMvcPrintOnlyOnFailureTestExecutionListener, org.springframework.boot.test.autoconfigure.web.servlet.WebDriverTestExecutionListener, org.springframework.boot.test.autoconfigure.webservices.client.MockWebServiceServerTestExecutionListener, org.springframework.boot.test.mock.mockito.MockitoTestExecutionListener, org.springframework.boot.test.mock.mockito.ResetMocksTestExecutionListener, org.springframework.test.context.web.ServletTestExecutionListener, org.springframework.test.context.support.DirtiesContextBeforeModesTestExecutionListener, org.springframework.test.context.event.ApplicationEventsTestExecutionListener, org.springframework.test.context.support.DependencyInjectionTestExecutionListener, org.springframework.test.context.support.DirtiesContextTestExecutionListener, org.springframework.test.context.transaction.TransactionalTestExecutionListener, org.springframework.test.context.jdbc.SqlScriptsTestExecutionListener, org.springframework.test.context.event.EventPublishingTestExecutionListener]
2022-06-17 15:50:16.284  INFO 37677 --- [    Test worker] .b.t.c.SpringBootTestContextBootstrapper : Using TestExecutionListeners: [org.springframework.test.context.web.ServletTestExecutionListener@45a14255, org.springframework.test.context.support.DirtiesContextBeforeModesTestExecutionListener@3e3cde4a, org.springframework.test.context.event.ApplicationEventsTestExecutionListener@23e3f9d4, org.springframework.boot.test.mock.mockito.MockitoTestExecutionListener@903c506, org.springframework.boot.test.autoconfigure.SpringBootDependencyInjectionTestExecutionListener@46ff9d99, org.springframework.test.context.support.DirtiesContextTestExecutionListener@1e69d582, org.springframework.test.context.transaction.TransactionalTestExecutionListener@22f8a2c2, org.springframework.test.context.jdbc.SqlScriptsTestExecutionListener@35c4686e, org.springframework.test.context.event.EventPublishingTestExecutionListener@f6d381a, org.springframework.boot.test.autoconfigure.restdocs.RestDocsTestExecutionListener@5ff839b0, org.springframework.boot.test.autoconfigure.web.client.MockRestServiceServerResetTestExecutionListener@38716e3f, org.springframework.boot.test.autoconfigure.web.servlet.MockMvcPrintOnlyOnFailureTestExecutionListener@2e60f647, org.springframework.boot.test.autoconfigure.web.servlet.WebDriverTestExecutionListener@48aba679, org.springframework.boot.test.autoconfigure.webservices.client.MockWebServiceServerTestExecutionListener@56003365, org.springframework.boot.test.mock.mockito.ResetMocksTestExecutionListener@65b3af0c]

  .   ____          _            __ _ _
 /\\ / ___'_ __ _ _(_)_ __  __ _ \ \ \ \
( ( )\___ | '_ | '_| | '_ \/ _` | \ \ \ \
 \\/  ___)| |_)| | | | | || (_| |  ) ) ) )
  '  |____| .__|_| |_|_| |_\__, | / / / /
 =========|_|==============|___/=/_/_/_/
 :: Spring Boot ::                (v2.7.0)

2022-06-17 15:50:16.403  INFO 37677 --- [    Test worker] e.S.SpringReactBookstoreApplicationTests : Starting SpringReactBookstoreApplicationTests using Java 17.0.3 on AMBUS001203 with PID 37677 (started by m_2171923 in /Users/m_2171923/Desktop/UDEMY/SPRING_REACT_BOOKSTORE)
2022-06-17 15:50:16.404  INFO 37677 --- [    Test worker] e.S.SpringReactBookstoreApplicationTests : No active profile set, falling back to 1 default profile: "default"
2022-06-17 15:50:17.108  INFO 37677 --- [    Test worker] .s.d.r.c.RepositoryConfigurationDelegate : Bootstrapping Spring Data JPA repositories in DEFAULT mode.
2022-06-17 15:50:17.150  INFO 37677 --- [    Test worker] .s.d.r.c.RepositoryConfigurationDelegate : Finished Spring Data repository scanning in 35 ms. Found 1 JPA repository interfaces.
2022-06-17 15:50:17.466  INFO 37677 --- [    Test worker] o.f.c.internal.license.VersionPrinter    : Flyway Community Edition 8.5.12 by Redgate
2022-06-17 15:50:17.468  INFO 37677 --- [    Test worker] o.f.c.internal.license.VersionPrinter    : See what's new here: https://flywaydb.org/documentation/learnmore/releaseNotes#8.5.12
2022-06-17 15:50:17.469  INFO 37677 --- [    Test worker] o.f.c.internal.license.VersionPrinter    : 
2022-06-17 15:50:17.472  INFO 37677 --- [    Test worker] com.zaxxer.hikari.HikariDataSource       : HikariPool-2 - Starting...
2022-06-17 15:50:17.486  INFO 37677 --- [    Test worker] com.zaxxer.hikari.HikariDataSource       : HikariPool-2 - Start completed.
2022-06-17 15:50:17.487  INFO 37677 --- [    Test worker] o.f.c.i.database.base.BaseDatabaseType   : Database: jdbc:h2:mem:testdb (H2 2.1)
2022-06-17 15:50:17.499  WARN 37677 --- [    Test worker] o.f.c.internal.database.base.Database    : Flyway upgrade recommended: H2 2.1.212 is newer than this version of Flyway and support has not been tested. The latest supported version of H2 is 2.1.210.
2022-06-17 15:50:17.507  INFO 37677 --- [    Test worker] o.f.core.internal.command.DbValidate     : Successfully validated 1 migration (execution time 00:00.003s)
2022-06-17 15:50:17.512  INFO 37677 --- [    Test worker] o.f.c.i.s.JdbcTableSchemaHistory         : Creating Schema History table "PUBLIC"."flyway_schema_history" ...
2022-06-17 15:50:17.536  INFO 37677 --- [    Test worker] o.f.core.internal.command.DbMigrate      : Current version of schema "PUBLIC": << Empty Schema >>
2022-06-17 15:50:17.551  INFO 37677 --- [    Test worker] o.f.core.internal.command.DbMigrate      : Migrating schema "PUBLIC" to version "1 - Book Schema"
2022-06-17 15:50:17.562  INFO 37677 --- [    Test worker] o.f.core.internal.command.DbMigrate      : Successfully applied 1 migration to schema "PUBLIC", now at version v1 (execution time 00:00.028s)
2022-06-17 15:50:17.643  INFO 37677 --- [    Test worker] o.hibernate.jpa.internal.util.LogHelper  : HHH000204: Processing PersistenceUnitInfo [name: default]
2022-06-17 15:50:17.653  INFO 37677 --- [    Test worker] org.hibernate.dialect.Dialect            : HHH000400: Using dialect: org.hibernate.dialect.H2Dialect
2022-06-17 15:50:17.735  INFO 37677 --- [    Test worker] o.h.e.t.j.p.i.JtaPlatformInitiator       : HHH000490: Using JtaPlatform implementation: [org.hibernate.engine.transaction.jta.platform.internal.NoJtaPlatform]
2022-06-17 15:50:17.736  INFO 37677 --- [    Test worker] j.LocalContainerEntityManagerFactoryBean : Initialized JPA EntityManagerFactory for persistence unit 'default'
2022-06-17 15:50:17.990  WARN 37677 --- [    Test worker] JpaBaseConfiguration$JpaWebConfiguration : spring.jpa.open-in-view is enabled by default. Therefore, database queries may be performed during view rendering. Explicitly configure spring.jpa.open-in-view to disable this warning
2022-06-17 15:50:18.374  INFO 37677 --- [    Test worker] e.S.SpringReactBookstoreApplicationTests : Started SpringReactBookstoreApplicationTests in 2.081 seconds (JVM running for 18.536)
]]></system-out>
  <system-err><![CDATA[]]></system-err>
</testsuite>
