<?xml version="1.0" encoding="UTF-8"?>
<testsuite name="com.example.SpringReactBookstore.controllers.BookControllerTest" tests="3" skipped="0" failures="0" errors="0" timestamp="2022-07-05T14:36:21" hostname="AMBUS001203" time="5.798">
  <properties/>
  <testcase name="shouldReturnBookDTOListWhenGetBooksByTitleIsCalled()" classname="com.example.SpringReactBookstore.controllers.BookControllerTest" time="0.205"/>
  <testcase name="shouldReturnBookDTOListWhenGetBooksIsCalled()" classname="com.example.SpringReactBookstore.controllers.BookControllerTest" time="0.04"/>
  <testcase name="shouldReturnBooksWhenBookAPICalled()" classname="com.example.SpringReactBookstore.controllers.BookControllerTest" time="1.01"/>
  <system-out><![CDATA[09:36:07.720 [Test worker] DEBUG org.springframework.test.context.BootstrapUtils - Instantiating CacheAwareContextLoaderDelegate from class [org.springframework.test.context.cache.DefaultCacheAwareContextLoaderDelegate]
09:36:07.755 [Test worker] DEBUG org.springframework.test.context.BootstrapUtils - Instantiating BootstrapContext using constructor [public org.springframework.test.context.support.DefaultBootstrapContext(java.lang.Class,org.springframework.test.context.CacheAwareContextLoaderDelegate)]
09:36:07.915 [Test worker] DEBUG org.springframework.test.context.BootstrapUtils - Instantiating TestContextBootstrapper for test class [com.example.SpringReactBookstore.controllers.BookControllerTest] from class [org.springframework.boot.test.context.SpringBootTestContextBootstrapper]
09:36:07.955 [Test worker] INFO org.springframework.boot.test.context.SpringBootTestContextBootstrapper - Neither @ContextConfiguration nor @ContextHierarchy found for test class [com.example.SpringReactBookstore.controllers.BookControllerTest], using SpringBootContextLoader
09:36:07.974 [Test worker] DEBUG org.springframework.test.context.support.AbstractContextLoader - Did not detect default resource location for test class [com.example.SpringReactBookstore.controllers.BookControllerTest]: class path resource [com/example/SpringReactBookstore/controllers/BookControllerTest-context.xml] does not exist
09:36:07.975 [Test worker] DEBUG org.springframework.test.context.support.AbstractContextLoader - Did not detect default resource location for test class [com.example.SpringReactBookstore.controllers.BookControllerTest]: class path resource [com/example/SpringReactBookstore/controllers/BookControllerTestContext.groovy] does not exist
09:36:07.975 [Test worker] INFO org.springframework.test.context.support.AbstractContextLoader - Could not detect default resource locations for test class [com.example.SpringReactBookstore.controllers.BookControllerTest]: no resource found for suffixes {-context.xml, Context.groovy}.
09:36:08.163 [Test worker] DEBUG org.springframework.test.context.support.ActiveProfilesUtils - Could not find an 'annotation declaring class' for annotation type [org.springframework.test.context.ActiveProfiles] and class [com.example.SpringReactBookstore.controllers.BookControllerTest]
09:36:08.585 [Test worker] DEBUG org.springframework.boot.test.context.SpringBootTestContextBootstrapper - @TestExecutionListeners is not present for class [com.example.SpringReactBookstore.controllers.BookControllerTest]: using defaults.
09:36:08.588 [Test worker] INFO org.springframework.boot.test.context.SpringBootTestContextBootstrapper - Loaded default TestExecutionListener class names from location [META-INF/spring.factories]: [org.springframework.boot.test.autoconfigure.restdocs.RestDocsTestExecutionListener, org.springframework.boot.test.autoconfigure.web.client.MockRestServiceServerResetTestExecutionListener, org.springframework.boot.test.autoconfigure.web.servlet.MockMvcPrintOnlyOnFailureTestExecutionListener, org.springframework.boot.test.autoconfigure.web.servlet.WebDriverTestExecutionListener, org.springframework.boot.test.autoconfigure.webservices.client.MockWebServiceServerTestExecutionListener, org.springframework.boot.test.mock.mockito.MockitoTestExecutionListener, org.springframework.boot.test.mock.mockito.ResetMocksTestExecutionListener, org.springframework.test.context.web.ServletTestExecutionListener, org.springframework.test.context.support.DirtiesContextBeforeModesTestExecutionListener, org.springframework.test.context.event.ApplicationEventsTestExecutionListener, org.springframework.test.context.support.DependencyInjectionTestExecutionListener, org.springframework.test.context.support.DirtiesContextTestExecutionListener, org.springframework.test.context.transaction.TransactionalTestExecutionListener, org.springframework.test.context.jdbc.SqlScriptsTestExecutionListener, org.springframework.test.context.event.EventPublishingTestExecutionListener]
09:36:08.619 [Test worker] INFO org.springframework.boot.test.context.SpringBootTestContextBootstrapper - Using TestExecutionListeners: [org.springframework.test.context.web.ServletTestExecutionListener@4a2929a4, org.springframework.test.context.support.DirtiesContextBeforeModesTestExecutionListener@cda6019, org.springframework.test.context.event.ApplicationEventsTestExecutionListener@797c3c3b, org.springframework.boot.test.mock.mockito.MockitoTestExecutionListener@4012d5bc, org.springframework.boot.test.autoconfigure.SpringBootDependencyInjectionTestExecutionListener@4375b013, org.springframework.test.context.support.DirtiesContextTestExecutionListener@1cf0cacc, org.springframework.test.context.transaction.TransactionalTestExecutionListener@4f5b08d, org.springframework.test.context.jdbc.SqlScriptsTestExecutionListener@529c2a9a, org.springframework.test.context.event.EventPublishingTestExecutionListener@3c87fdf2, org.springframework.boot.test.autoconfigure.restdocs.RestDocsTestExecutionListener@26bbe604, org.springframework.boot.test.autoconfigure.web.client.MockRestServiceServerResetTestExecutionListener@fe34b86, org.springframework.boot.test.autoconfigure.web.servlet.MockMvcPrintOnlyOnFailureTestExecutionListener@3c98781a, org.springframework.boot.test.autoconfigure.web.servlet.WebDriverTestExecutionListener@3f736a16, org.springframework.boot.test.autoconfigure.webservices.client.MockWebServiceServerTestExecutionListener@4601203a, org.springframework.boot.test.mock.mockito.ResetMocksTestExecutionListener@53abfc07]
09:36:08.624 [Test worker] DEBUG org.springframework.test.context.support.AbstractDirtiesContextTestExecutionListener - Before test class: context [DefaultTestContext@d7109be testClass = BookControllerTest, testInstance = [null], testMethod = [null], testException = [null], mergedContextConfiguration = [WebMergedContextConfiguration@5e0ec41f testClass = BookControllerTest, locations = '{}', classes = '{class com.example.SpringReactBookstore.SpringReactBookstoreApplication}', contextInitializerClasses = '[]', activeProfiles = '{}', propertySourceLocations = '{}', propertySourceProperties = '{org.springframework.boot.test.context.SpringBootTestContextBootstrapper=true, server.port=0}', contextCustomizers = set[org.springframework.boot.test.autoconfigure.actuate.metrics.MetricsExportContextCustomizerFactory$DisableMetricExportContextCustomizer@1e008f36, org.springframework.boot.test.autoconfigure.properties.PropertyMappingContextCustomizer@0, org.springframework.boot.test.autoconfigure.web.servlet.WebDriverContextCustomizerFactory$Customizer@1023150a, org.springframework.boot.test.context.filter.ExcludeFilterContextCustomizer@1b7cae6f, org.springframework.boot.test.json.DuplicateJsonObjectContextCustomizerFactory$DuplicateJsonObjectContextCustomizer@51351f28, org.springframework.boot.test.mock.mockito.MockitoContextCustomizer@0, org.springframework.boot.test.web.client.TestRestTemplateContextCustomizer@58e85c6f, org.springframework.boot.test.context.SpringBootTestArgs@1, org.springframework.boot.test.context.SpringBootTestWebEnvironment@42e3ede4], resourceBasePath = 'src/main/webapp', contextLoader = 'org.springframework.boot.test.context.SpringBootContextLoader', parent = [null]], attributes = map['org.springframework.test.context.web.ServletTestExecutionListener.activateListener' -> false]], class annotated with @DirtiesContext [true] with mode [AFTER_EACH_TEST_METHOD].
09:36:09.782 [Test worker] DEBUG org.springframework.test.context.support.DependencyInjectionTestExecutionListener - Performing dependency injection for test context [[DefaultTestContext@d7109be testClass = BookControllerTest, testInstance = com.example.SpringReactBookstore.controllers.BookControllerTest@7ac48f05, testMethod = [null], testException = [null], mergedContextConfiguration = [WebMergedContextConfiguration@5e0ec41f testClass = BookControllerTest, locations = '{}', classes = '{class com.example.SpringReactBookstore.SpringReactBookstoreApplication}', contextInitializerClasses = '[]', activeProfiles = '{}', propertySourceLocations = '{}', propertySourceProperties = '{org.springframework.boot.test.context.SpringBootTestContextBootstrapper=true, server.port=0}', contextCustomizers = set[org.springframework.boot.test.autoconfigure.actuate.metrics.MetricsExportContextCustomizerFactory$DisableMetricExportContextCustomizer@1e008f36, org.springframework.boot.test.autoconfigure.properties.PropertyMappingContextCustomizer@0, org.springframework.boot.test.autoconfigure.web.servlet.WebDriverContextCustomizerFactory$Customizer@1023150a, org.springframework.boot.test.context.filter.ExcludeFilterContextCustomizer@1b7cae6f, org.springframework.boot.test.json.DuplicateJsonObjectContextCustomizerFactory$DuplicateJsonObjectContextCustomizer@51351f28, org.springframework.boot.test.mock.mockito.MockitoContextCustomizer@0, org.springframework.boot.test.web.client.TestRestTemplateContextCustomizer@58e85c6f, org.springframework.boot.test.context.SpringBootTestArgs@1, org.springframework.boot.test.context.SpringBootTestWebEnvironment@42e3ede4], resourceBasePath = 'src/main/webapp', contextLoader = 'org.springframework.boot.test.context.SpringBootContextLoader', parent = [null]], attributes = map['org.springframework.test.context.web.ServletTestExecutionListener.activateListener' -> false, 'org.springframework.test.context.event.ApplicationEventsTestExecutionListener.recordApplicationEvents' -> false, 'org.springframework.boot.test.mock.mockito.MockitoTestExecutionListener.mocks' -> org.mockito.internal.configuration.InjectingAnnotationEngine$$Lambda$445/0x0000000800eb0688@7af1d072]]].

  .   ____          _            __ _ _
 /\\ / ___'_ __ _ _(_)_ __  __ _ \ \ \ \
( ( )\___ | '_ | '_| | '_ \/ _` | \ \ \ \
 \\/  ___)| |_)| | | | | || (_| |  ) ) ) )
  '  |____| .__|_| |_|_| |_\__, | / / / /
 =========|_|==============|___/=/_/_/_/
 :: Spring Boot ::                (v2.7.0)

2022-07-05 09:36:11.071  INFO 14553 --- [    Test worker] c.e.S.controllers.BookControllerTest     : Starting BookControllerTest using Java 17.0.3 on AMBUS001203 with PID 14553 (started by m_2171923 in /Users/m_2171923/Desktop/UDEMY/SPRING_REACT_BOOKSTORE)
2022-07-05 09:36:11.075  INFO 14553 --- [    Test worker] c.e.S.controllers.BookControllerTest     : No active profile set, falling back to 1 default profile: "default"
2022-07-05 09:36:13.330  INFO 14553 --- [    Test worker] .s.d.r.c.RepositoryConfigurationDelegate : Bootstrapping Spring Data JPA repositories in DEFAULT mode.
2022-07-05 09:36:13.529  INFO 14553 --- [    Test worker] .s.d.r.c.RepositoryConfigurationDelegate : Finished Spring Data repository scanning in 184 ms. Found 1 JPA repository interfaces.
2022-07-05 09:36:15.386  INFO 14553 --- [    Test worker] o.s.b.w.embedded.tomcat.TomcatWebServer  : Tomcat initialized with port(s): 0 (http)
2022-07-05 09:36:15.408  INFO 14553 --- [    Test worker] o.apache.catalina.core.StandardService   : Starting service [Tomcat]
2022-07-05 09:36:15.409  INFO 14553 --- [    Test worker] org.apache.catalina.core.StandardEngine  : Starting Servlet engine: [Apache Tomcat/9.0.63]
2022-07-05 09:36:15.772  INFO 14553 --- [    Test worker] o.a.c.c.C.[Tomcat].[localhost].[/]       : Initializing Spring embedded WebApplicationContext
2022-07-05 09:36:15.776  INFO 14553 --- [    Test worker] w.s.c.ServletWebServerApplicationContext : Root WebApplicationContext: initialization completed in 4626 ms
2022-07-05 09:36:16.740  INFO 14553 --- [    Test worker] o.f.c.internal.license.VersionPrinter    : Flyway Community Edition 8.5.12 by Redgate
2022-07-05 09:36:16.742  INFO 14553 --- [    Test worker] o.f.c.internal.license.VersionPrinter    : See what's new here: https://flywaydb.org/documentation/learnmore/releaseNotes#8.5.12
2022-07-05 09:36:16.742  INFO 14553 --- [    Test worker] o.f.c.internal.license.VersionPrinter    : 
2022-07-05 09:36:16.757  INFO 14553 --- [    Test worker] com.zaxxer.hikari.HikariDataSource       : HikariPool-1 - Starting...
2022-07-05 09:36:17.265  INFO 14553 --- [    Test worker] com.zaxxer.hikari.HikariDataSource       : HikariPool-1 - Start completed.
2022-07-05 09:36:17.296  INFO 14553 --- [    Test worker] o.f.c.i.database.base.BaseDatabaseType   : Database: jdbc:h2:mem:testdb (H2 2.1)
2022-07-05 09:36:17.352  WARN 14553 --- [    Test worker] o.f.c.internal.database.base.Database    : Flyway upgrade recommended: H2 2.1.212 is newer than this version of Flyway and support has not been tested. The latest supported version of H2 is 2.1.210.
2022-07-05 09:36:17.395  INFO 14553 --- [    Test worker] o.f.core.internal.command.DbValidate     : Successfully validated 1 migration (execution time 00:00.022s)
2022-07-05 09:36:17.415  INFO 14553 --- [    Test worker] o.f.c.i.s.JdbcTableSchemaHistory         : Creating Schema History table "PUBLIC"."flyway_schema_history" ...
2022-07-05 09:36:17.475  INFO 14553 --- [    Test worker] o.f.core.internal.command.DbMigrate      : Current version of schema "PUBLIC": << Empty Schema >>
2022-07-05 09:36:17.490  INFO 14553 --- [    Test worker] o.f.core.internal.command.DbMigrate      : Migrating schema "PUBLIC" to version "1 - Book Schema"
2022-07-05 09:36:17.510  INFO 14553 --- [    Test worker] o.f.core.internal.command.DbMigrate      : Successfully applied 1 migration to schema "PUBLIC", now at version v1 (execution time 00:00.041s)
2022-07-05 09:36:17.966  INFO 14553 --- [    Test worker] o.hibernate.jpa.internal.util.LogHelper  : HHH000204: Processing PersistenceUnitInfo [name: default]
2022-07-05 09:36:18.061  INFO 14553 --- [    Test worker] org.hibernate.Version                    : HHH000412: Hibernate ORM core version 5.6.9.Final
2022-07-05 09:36:18.145  INFO 14553 --- [    Test worker] o.hibernate.annotations.common.Version   : HCANN000001: Hibernate Commons Annotations {5.1.2.Final}
2022-07-05 09:36:18.330  INFO 14553 --- [    Test worker] org.hibernate.dialect.Dialect            : HHH000400: Using dialect: org.hibernate.dialect.H2Dialect
2022-07-05 09:36:19.159  INFO 14553 --- [    Test worker] o.h.e.t.j.p.i.JtaPlatformInitiator       : HHH000490: Using JtaPlatform implementation: [org.hibernate.engine.transaction.jta.platform.internal.NoJtaPlatform]
2022-07-05 09:36:19.192  INFO 14553 --- [    Test worker] j.LocalContainerEntityManagerFactoryBean : Initialized JPA EntityManagerFactory for persistence unit 'default'
2022-07-05 09:36:19.463  WARN 14553 --- [    Test worker] JpaBaseConfiguration$JpaWebConfiguration : spring.jpa.open-in-view is enabled by default. Therefore, database queries may be performed during view rendering. Explicitly configure spring.jpa.open-in-view to disable this warning
2022-07-05 09:36:20.656  INFO 14553 --- [    Test worker] o.s.s.web.DefaultSecurityFilterChain     : Will secure any request with [org.springframework.security.web.session.DisableEncodeUrlFilter@76917a4e, org.springframework.security.web.context.request.async.WebAsyncManagerIntegrationFilter@7f3defe2, org.springframework.security.web.context.SecurityContextPersistenceFilter@1bee77f8, org.springframework.security.web.header.HeaderWriterFilter@1a04a12, org.springframework.security.web.authentication.logout.LogoutFilter@117f2a90, com.example.SpringReactBookstore.config.JwtRequestFilter@52e67513, org.springframework.security.web.savedrequest.RequestCacheAwareFilter@66353861, org.springframework.security.web.servletapi.SecurityContextHolderAwareRequestFilter@1b8f03af, org.springframework.security.web.authentication.AnonymousAuthenticationFilter@5d4fc083, org.springframework.security.web.session.SessionManagementFilter@574c67b8, org.springframework.security.web.access.ExceptionTranslationFilter@4faad6d6, org.springframework.security.web.access.intercept.FilterSecurityInterceptor@4aa0ee7c]
2022-07-05 09:36:21.813  INFO 14553 --- [    Test worker] o.s.b.w.embedded.tomcat.TomcatWebServer  : Tomcat started on port(s): 56103 (http) with context path ''
2022-07-05 09:36:21.830  INFO 14553 --- [    Test worker] c.e.S.controllers.BookControllerTest     : Started BookControllerTest in 11.997 seconds (JVM running for 16.562)
2022-07-05 09:36:22.063  INFO 14553 --- [    Test worker] j.LocalContainerEntityManagerFactoryBean : Closing JPA EntityManagerFactory for persistence unit 'default'
2022-07-05 09:36:22.067  INFO 14553 --- [    Test worker] com.zaxxer.hikari.HikariDataSource       : HikariPool-1 - Shutdown initiated...
2022-07-05 09:36:22.071  INFO 14553 --- [    Test worker] com.zaxxer.hikari.HikariDataSource       : HikariPool-1 - Shutdown completed.

  .   ____          _            __ _ _
 /\\ / ___'_ __ _ _(_)_ __  __ _ \ \ \ \
( ( )\___ | '_ | '_| | '_ \/ _` | \ \ \ \
 \\/  ___)| |_)| | | | | || (_| |  ) ) ) )
  '  |____| .__|_| |_|_| |_\__, | / / / /
 =========|_|==============|___/=/_/_/_/
 :: Spring Boot ::                (v2.7.0)

2022-07-05 09:36:22.176  INFO 14553 --- [    Test worker] c.e.S.controllers.BookControllerTest     : Starting BookControllerTest using Java 17.0.3 on AMBUS001203 with PID 14553 (started by m_2171923 in /Users/m_2171923/Desktop/UDEMY/SPRING_REACT_BOOKSTORE)
2022-07-05 09:36:22.177  INFO 14553 --- [    Test worker] c.e.S.controllers.BookControllerTest     : No active profile set, falling back to 1 default profile: "default"
2022-07-05 09:36:23.014  INFO 14553 --- [    Test worker] .s.d.r.c.RepositoryConfigurationDelegate : Bootstrapping Spring Data JPA repositories in DEFAULT mode.
2022-07-05 09:36:23.075  INFO 14553 --- [    Test worker] .s.d.r.c.RepositoryConfigurationDelegate : Finished Spring Data repository scanning in 55 ms. Found 1 JPA repository interfaces.
2022-07-05 09:36:23.535  INFO 14553 --- [    Test worker] o.s.b.w.embedded.tomcat.TomcatWebServer  : Tomcat initialized with port(s): 0 (http)
2022-07-05 09:36:23.543  INFO 14553 --- [    Test worker] o.apache.catalina.core.StandardService   : Starting service [Tomcat]
2022-07-05 09:36:23.543  INFO 14553 --- [    Test worker] org.apache.catalina.core.StandardEngine  : Starting Servlet engine: [Apache Tomcat/9.0.63]
2022-07-05 09:36:23.569  INFO 14553 --- [    Test worker] o.a.c.c.C.[Tomcat].[localhost].[/]       : Initializing Spring embedded WebApplicationContext
2022-07-05 09:36:23.569  INFO 14553 --- [    Test worker] w.s.c.ServletWebServerApplicationContext : Root WebApplicationContext: initialization completed in 1381 ms
2022-07-05 09:36:23.759  INFO 14553 --- [    Test worker] o.f.c.internal.license.VersionPrinter    : Flyway Community Edition 8.5.12 by Redgate
2022-07-05 09:36:23.759  INFO 14553 --- [    Test worker] o.f.c.internal.license.VersionPrinter    : See what's new here: https://flywaydb.org/documentation/learnmore/releaseNotes#8.5.12
2022-07-05 09:36:23.759  INFO 14553 --- [    Test worker] o.f.c.internal.license.VersionPrinter    : 
2022-07-05 09:36:23.762  INFO 14553 --- [    Test worker] com.zaxxer.hikari.HikariDataSource       : HikariPool-2 - Starting...
2022-07-05 09:36:23.784  INFO 14553 --- [    Test worker] com.zaxxer.hikari.HikariDataSource       : HikariPool-2 - Start completed.
2022-07-05 09:36:23.784  INFO 14553 --- [    Test worker] o.f.c.i.database.base.BaseDatabaseType   : Database: jdbc:h2:mem:testdb (H2 2.1)
2022-07-05 09:36:23.796  WARN 14553 --- [    Test worker] o.f.c.internal.database.base.Database    : Flyway upgrade recommended: H2 2.1.212 is newer than this version of Flyway and support has not been tested. The latest supported version of H2 is 2.1.210.
2022-07-05 09:36:23.806  INFO 14553 --- [    Test worker] o.f.core.internal.command.DbValidate     : Successfully validated 1 migration (execution time 00:00.005s)
2022-07-05 09:36:23.811  INFO 14553 --- [    Test worker] o.f.c.i.s.JdbcTableSchemaHistory         : Creating Schema History table "PUBLIC"."flyway_schema_history" ...
2022-07-05 09:36:23.842  INFO 14553 --- [    Test worker] o.f.core.internal.command.DbMigrate      : Current version of schema "PUBLIC": << Empty Schema >>
2022-07-05 09:36:23.860  INFO 14553 --- [    Test worker] o.f.core.internal.command.DbMigrate      : Migrating schema "PUBLIC" to version "1 - Book Schema"
2022-07-05 09:36:23.876  INFO 14553 --- [    Test worker] o.f.core.internal.command.DbMigrate      : Successfully applied 1 migration to schema "PUBLIC", now at version v1 (execution time 00:00.040s)
2022-07-05 09:36:24.016  INFO 14553 --- [    Test worker] o.hibernate.jpa.internal.util.LogHelper  : HHH000204: Processing PersistenceUnitInfo [name: default]
2022-07-05 09:36:24.031  INFO 14553 --- [    Test worker] org.hibernate.dialect.Dialect            : HHH000400: Using dialect: org.hibernate.dialect.H2Dialect
2022-07-05 09:36:24.154  INFO 14553 --- [    Test worker] o.h.e.t.j.p.i.JtaPlatformInitiator       : HHH000490: Using JtaPlatform implementation: [org.hibernate.engine.transaction.jta.platform.internal.NoJtaPlatform]
2022-07-05 09:36:24.155  INFO 14553 --- [    Test worker] j.LocalContainerEntityManagerFactoryBean : Initialized JPA EntityManagerFactory for persistence unit 'default'
2022-07-05 09:36:24.265  WARN 14553 --- [    Test worker] JpaBaseConfiguration$JpaWebConfiguration : spring.jpa.open-in-view is enabled by default. Therefore, database queries may be performed during view rendering. Explicitly configure spring.jpa.open-in-view to disable this warning
2022-07-05 09:36:24.541  INFO 14553 --- [    Test worker] o.s.s.web.DefaultSecurityFilterChain     : Will secure any request with [org.springframework.security.web.session.DisableEncodeUrlFilter@351c5f40, org.springframework.security.web.context.request.async.WebAsyncManagerIntegrationFilter@5c10a995, org.springframework.security.web.context.SecurityContextPersistenceFilter@7d2c61c2, org.springframework.security.web.header.HeaderWriterFilter@13bdf19, org.springframework.security.web.authentication.logout.LogoutFilter@490b916c, com.example.SpringReactBookstore.config.JwtRequestFilter@d28a5e3, org.springframework.security.web.savedrequest.RequestCacheAwareFilter@1ffb6da1, org.springframework.security.web.servletapi.SecurityContextHolderAwareRequestFilter@40e7aa50, org.springframework.security.web.authentication.AnonymousAuthenticationFilter@b2240cf, org.springframework.security.web.session.SessionManagementFilter@7cad7d48, org.springframework.security.web.access.ExceptionTranslationFilter@7782b6f0, org.springframework.security.web.access.intercept.FilterSecurityInterceptor@4ad858e6]
2022-07-05 09:36:24.990  INFO 14553 --- [    Test worker] o.s.b.w.embedded.tomcat.TomcatWebServer  : Tomcat started on port(s): 56105 (http) with context path ''
2022-07-05 09:36:24.999  INFO 14553 --- [    Test worker] c.e.S.controllers.BookControllerTest     : Started BookControllerTest in 2.909 seconds (JVM running for 19.731)
2022-07-05 09:36:25.047  INFO 14553 --- [    Test worker] j.LocalContainerEntityManagerFactoryBean : Closing JPA EntityManagerFactory for persistence unit 'default'
2022-07-05 09:36:25.048  INFO 14553 --- [    Test worker] com.zaxxer.hikari.HikariDataSource       : HikariPool-2 - Shutdown initiated...
2022-07-05 09:36:25.049  INFO 14553 --- [    Test worker] com.zaxxer.hikari.HikariDataSource       : HikariPool-2 - Shutdown completed.

  .   ____          _            __ _ _
 /\\ / ___'_ __ _ _(_)_ __  __ _ \ \ \ \
( ( )\___ | '_ | '_| | '_ \/ _` | \ \ \ \
 \\/  ___)| |_)| | | | | || (_| |  ) ) ) )
  '  |____| .__|_| |_|_| |_\__, | / / / /
 =========|_|==============|___/=/_/_/_/
 :: Spring Boot ::                (v2.7.0)

2022-07-05 09:36:25.107  INFO 14553 --- [    Test worker] c.e.S.controllers.BookControllerTest     : Starting BookControllerTest using Java 17.0.3 on AMBUS001203 with PID 14553 (started by m_2171923 in /Users/m_2171923/Desktop/UDEMY/SPRING_REACT_BOOKSTORE)
2022-07-05 09:36:25.108  INFO 14553 --- [    Test worker] c.e.S.controllers.BookControllerTest     : No active profile set, falling back to 1 default profile: "default"
2022-07-05 09:36:25.429  INFO 14553 --- [    Test worker] .s.d.r.c.RepositoryConfigurationDelegate : Bootstrapping Spring Data JPA repositories in DEFAULT mode.
2022-07-05 09:36:25.459  INFO 14553 --- [    Test worker] .s.d.r.c.RepositoryConfigurationDelegate : Finished Spring Data repository scanning in 29 ms. Found 1 JPA repository interfaces.
2022-07-05 09:36:25.756  INFO 14553 --- [    Test worker] o.s.b.w.embedded.tomcat.TomcatWebServer  : Tomcat initialized with port(s): 0 (http)
2022-07-05 09:36:25.759  INFO 14553 --- [    Test worker] o.apache.catalina.core.StandardService   : Starting service [Tomcat]
2022-07-05 09:36:25.759  INFO 14553 --- [    Test worker] org.apache.catalina.core.StandardEngine  : Starting Servlet engine: [Apache Tomcat/9.0.63]
2022-07-05 09:36:25.781  INFO 14553 --- [    Test worker] o.a.c.c.C.[Tomcat].[localhost].[/]       : Initializing Spring embedded WebApplicationContext
2022-07-05 09:36:25.781  INFO 14553 --- [    Test worker] w.s.c.ServletWebServerApplicationContext : Root WebApplicationContext: initialization completed in 669 ms
2022-07-05 09:36:25.909  INFO 14553 --- [    Test worker] o.f.c.internal.license.VersionPrinter    : Flyway Community Edition 8.5.12 by Redgate
2022-07-05 09:36:25.910  INFO 14553 --- [    Test worker] o.f.c.internal.license.VersionPrinter    : See what's new here: https://flywaydb.org/documentation/learnmore/releaseNotes#8.5.12
2022-07-05 09:36:25.910  INFO 14553 --- [    Test worker] o.f.c.internal.license.VersionPrinter    : 
2022-07-05 09:36:25.912  INFO 14553 --- [    Test worker] com.zaxxer.hikari.HikariDataSource       : HikariPool-3 - Starting...
2022-07-05 09:36:25.925  INFO 14553 --- [    Test worker] com.zaxxer.hikari.HikariDataSource       : HikariPool-3 - Start completed.
2022-07-05 09:36:25.926  INFO 14553 --- [    Test worker] o.f.c.i.database.base.BaseDatabaseType   : Database: jdbc:h2:mem:testdb (H2 2.1)
2022-07-05 09:36:25.937  WARN 14553 --- [    Test worker] o.f.c.internal.database.base.Database    : Flyway upgrade recommended: H2 2.1.212 is newer than this version of Flyway and support has not been tested. The latest supported version of H2 is 2.1.210.
2022-07-05 09:36:25.944  INFO 14553 --- [    Test worker] o.f.core.internal.command.DbValidate     : Successfully validated 1 migration (execution time 00:00.003s)
2022-07-05 09:36:25.948  INFO 14553 --- [    Test worker] o.f.c.i.s.JdbcTableSchemaHistory         : Creating Schema History table "PUBLIC"."flyway_schema_history" ...
2022-07-05 09:36:25.972  INFO 14553 --- [    Test worker] o.f.core.internal.command.DbMigrate      : Current version of schema "PUBLIC": << Empty Schema >>
2022-07-05 09:36:25.974  INFO 14553 --- [    Test worker] o.f.core.internal.command.DbMigrate      : Migrating schema "PUBLIC" to version "1 - Book Schema"
2022-07-05 09:36:25.982  INFO 14553 --- [    Test worker] o.f.core.internal.command.DbMigrate      : Successfully applied 1 migration to schema "PUBLIC", now at version v1 (execution time 00:00.012s)
2022-07-05 09:36:26.076  INFO 14553 --- [    Test worker] o.hibernate.jpa.internal.util.LogHelper  : HHH000204: Processing PersistenceUnitInfo [name: default]
2022-07-05 09:36:26.084  INFO 14553 --- [    Test worker] org.hibernate.dialect.Dialect            : HHH000400: Using dialect: org.hibernate.dialect.H2Dialect
2022-07-05 09:36:26.141  INFO 14553 --- [    Test worker] o.h.e.t.j.p.i.JtaPlatformInitiator       : HHH000490: Using JtaPlatform implementation: [org.hibernate.engine.transaction.jta.platform.internal.NoJtaPlatform]
2022-07-05 09:36:26.141  INFO 14553 --- [    Test worker] j.LocalContainerEntityManagerFactoryBean : Initialized JPA EntityManagerFactory for persistence unit 'default'
2022-07-05 09:36:26.182  WARN 14553 --- [    Test worker] JpaBaseConfiguration$JpaWebConfiguration : spring.jpa.open-in-view is enabled by default. Therefore, database queries may be performed during view rendering. Explicitly configure spring.jpa.open-in-view to disable this warning
2022-07-05 09:36:26.334  INFO 14553 --- [    Test worker] o.s.s.web.DefaultSecurityFilterChain     : Will secure any request with [org.springframework.security.web.session.DisableEncodeUrlFilter@364a83d, org.springframework.security.web.context.request.async.WebAsyncManagerIntegrationFilter@2cc09eb1, org.springframework.security.web.context.SecurityContextPersistenceFilter@752a6226, org.springframework.security.web.header.HeaderWriterFilter@16a13fc, org.springframework.security.web.authentication.logout.LogoutFilter@55533ef0, com.example.SpringReactBookstore.config.JwtRequestFilter@496e9377, org.springframework.security.web.savedrequest.RequestCacheAwareFilter@172236ba, org.springframework.security.web.servletapi.SecurityContextHolderAwareRequestFilter@46062251, org.springframework.security.web.authentication.AnonymousAuthenticationFilter@f77fc6d, org.springframework.security.web.session.SessionManagementFilter@610a9ee2, org.springframework.security.web.access.ExceptionTranslationFilter@352ae819, org.springframework.security.web.access.intercept.FilterSecurityInterceptor@2862c9ed]
2022-07-05 09:36:26.647  INFO 14553 --- [    Test worker] o.s.b.w.embedded.tomcat.TomcatWebServer  : Tomcat started on port(s): 56108 (http) with context path ''
2022-07-05 09:36:26.653  INFO 14553 --- [    Test worker] c.e.S.controllers.BookControllerTest     : Started BookControllerTest in 1.596 seconds (JVM running for 21.385)
2022-07-05 09:36:26.976  INFO 14553 --- [o-auto-3-exec-1] o.a.c.c.C.[Tomcat].[localhost].[/]       : Initializing Spring DispatcherServlet 'dispatcherServlet'
2022-07-05 09:36:26.977  INFO 14553 --- [o-auto-3-exec-1] o.s.web.servlet.DispatcherServlet        : Initializing Servlet 'dispatcherServlet'
2022-07-05 09:36:26.978  INFO 14553 --- [o-auto-3-exec-1] o.s.web.servlet.DispatcherServlet        : Completed initialization in 1 ms
Hibernate: select book0_.id as id1_0_, book0_.description as descript2_0_, book0_.release_year as release_3_0_, book0_.title as title4_0_ from book book0_
2022-07-05 09:36:27.666  INFO 14553 --- [    Test worker] j.LocalContainerEntityManagerFactoryBean : Closing JPA EntityManagerFactory for persistence unit 'default'
2022-07-05 09:36:27.670  INFO 14553 --- [    Test worker] com.zaxxer.hikari.HikariDataSource       : HikariPool-3 - Shutdown initiated...
2022-07-05 09:36:27.675  INFO 14553 --- [    Test worker] com.zaxxer.hikari.HikariDataSource       : HikariPool-3 - Shutdown completed.
]]></system-out>
  <system-err><![CDATA[]]></system-err>
</testsuite>
