<?xml version="1.0" encoding="UTF-8"?>
<testsuite name="com.example.SpringReactBookstore.integrationTEST.BookControllerTest" tests="1" skipped="0" failures="0" errors="0" timestamp="2022-06-17T20:50:14" hostname="AMBUS001203" time="2.061">
  <properties/>
  <testcase name="shouldReturnBooksWhenBookAPICalled()" classname="com.example.SpringReactBookstore.integrationTEST.BookControllerTest" time="2.061"/>
  <system-out><![CDATA[15:50:02.280 [Test worker] DEBUG org.springframework.test.context.BootstrapUtils - Instantiating CacheAwareContextLoaderDelegate from class [org.springframework.test.context.cache.DefaultCacheAwareContextLoaderDelegate]
15:50:02.304 [Test worker] DEBUG org.springframework.test.context.BootstrapUtils - Instantiating BootstrapContext using constructor [public org.springframework.test.context.support.DefaultBootstrapContext(java.lang.Class,org.springframework.test.context.CacheAwareContextLoaderDelegate)]
15:50:02.412 [Test worker] DEBUG org.springframework.test.context.BootstrapUtils - Instantiating TestContextBootstrapper for test class [com.example.SpringReactBookstore.integrationTEST.BookControllerTest] from class [org.springframework.boot.test.context.SpringBootTestContextBootstrapper]
15:50:02.431 [Test worker] INFO org.springframework.boot.test.context.SpringBootTestContextBootstrapper - Neither @ContextConfiguration nor @ContextHierarchy found for test class [com.example.SpringReactBookstore.integrationTEST.BookControllerTest], using SpringBootContextLoader
15:50:02.439 [Test worker] DEBUG org.springframework.test.context.support.AbstractContextLoader - Did not detect default resource location for test class [com.example.SpringReactBookstore.integrationTEST.BookControllerTest]: class path resource [com/example/SpringReactBookstore/integrationTEST/BookControllerTest-context.xml] does not exist
15:50:02.439 [Test worker] DEBUG org.springframework.test.context.support.AbstractContextLoader - Did not detect default resource location for test class [com.example.SpringReactBookstore.integrationTEST.BookControllerTest]: class path resource [com/example/SpringReactBookstore/integrationTEST/BookControllerTestContext.groovy] does not exist
15:50:02.440 [Test worker] INFO org.springframework.test.context.support.AbstractContextLoader - Could not detect default resource locations for test class [com.example.SpringReactBookstore.integrationTEST.BookControllerTest]: no resource found for suffixes {-context.xml, Context.groovy}.
15:50:02.613 [Test worker] DEBUG org.springframework.test.context.support.ActiveProfilesUtils - Could not find an 'annotation declaring class' for annotation type [org.springframework.test.context.ActiveProfiles] and class [com.example.SpringReactBookstore.integrationTEST.BookControllerTest]
15:50:02.825 [Test worker] DEBUG org.springframework.boot.test.context.SpringBootTestContextBootstrapper - @TestExecutionListeners is not present for class [com.example.SpringReactBookstore.integrationTEST.BookControllerTest]: using defaults.
15:50:02.826 [Test worker] INFO org.springframework.boot.test.context.SpringBootTestContextBootstrapper - Loaded default TestExecutionListener class names from location [META-INF/spring.factories]: [org.springframework.boot.test.autoconfigure.restdocs.RestDocsTestExecutionListener, org.springframework.boot.test.autoconfigure.web.client.MockRestServiceServerResetTestExecutionListener, org.springframework.boot.test.autoconfigure.web.servlet.MockMvcPrintOnlyOnFailureTestExecutionListener, org.springframework.boot.test.autoconfigure.web.servlet.WebDriverTestExecutionListener, org.springframework.boot.test.autoconfigure.webservices.client.MockWebServiceServerTestExecutionListener, org.springframework.boot.test.mock.mockito.MockitoTestExecutionListener, org.springframework.boot.test.mock.mockito.ResetMocksTestExecutionListener, org.springframework.test.context.web.ServletTestExecutionListener, org.springframework.test.context.support.DirtiesContextBeforeModesTestExecutionListener, org.springframework.test.context.event.ApplicationEventsTestExecutionListener, org.springframework.test.context.support.DependencyInjectionTestExecutionListener, org.springframework.test.context.support.DirtiesContextTestExecutionListener, org.springframework.test.context.transaction.TransactionalTestExecutionListener, org.springframework.test.context.jdbc.SqlScriptsTestExecutionListener, org.springframework.test.context.event.EventPublishingTestExecutionListener]
15:50:02.861 [Test worker] INFO org.springframework.boot.test.context.SpringBootTestContextBootstrapper - Using TestExecutionListeners: [org.springframework.test.context.web.ServletTestExecutionListener@329bad59, org.springframework.test.context.support.DirtiesContextBeforeModesTestExecutionListener@862f408, org.springframework.test.context.event.ApplicationEventsTestExecutionListener@178f268a, org.springframework.boot.test.mock.mockito.MockitoTestExecutionListener@33ecbd6c, org.springframework.boot.test.autoconfigure.SpringBootDependencyInjectionTestExecutionListener@5c723f2d, org.springframework.test.context.support.DirtiesContextTestExecutionListener@432f521f, org.springframework.test.context.transaction.TransactionalTestExecutionListener@2d7a9786, org.springframework.test.context.jdbc.SqlScriptsTestExecutionListener@7bab5898, org.springframework.test.context.event.EventPublishingTestExecutionListener@366d8b97, org.springframework.boot.test.autoconfigure.restdocs.RestDocsTestExecutionListener@feb98ef, org.springframework.boot.test.autoconfigure.web.client.MockRestServiceServerResetTestExecutionListener@7654f833, org.springframework.boot.test.autoconfigure.web.servlet.MockMvcPrintOnlyOnFailureTestExecutionListener@571a01f9, org.springframework.boot.test.autoconfigure.web.servlet.WebDriverTestExecutionListener@d7109be, org.springframework.boot.test.autoconfigure.webservices.client.MockWebServiceServerTestExecutionListener@5e0ec41f, org.springframework.boot.test.mock.mockito.ResetMocksTestExecutionListener@f4a3a8d]
15:50:02.866 [Test worker] DEBUG org.springframework.test.context.support.AbstractDirtiesContextTestExecutionListener - Before test class: context [DefaultTestContext@6ab4a5b testClass = BookControllerTest, testInstance = [null], testMethod = [null], testException = [null], mergedContextConfiguration = [WebMergedContextConfiguration@2abe9173 testClass = BookControllerTest, locations = '{}', classes = '{class com.example.SpringReactBookstore.SpringReactBookstoreApplication}', contextInitializerClasses = '[]', activeProfiles = '{}', propertySourceLocations = '{}', propertySourceProperties = '{org.springframework.boot.test.context.SpringBootTestContextBootstrapper=true, server.port=0}', contextCustomizers = set[org.springframework.boot.test.autoconfigure.actuate.metrics.MetricsExportContextCustomizerFactory$DisableMetricExportContextCustomizer@3f93e4a8, org.springframework.boot.test.autoconfigure.properties.PropertyMappingContextCustomizer@0, org.springframework.boot.test.autoconfigure.web.servlet.WebDriverContextCustomizerFactory$Customizer@15d0849, org.springframework.boot.test.context.filter.ExcludeFilterContextCustomizer@563a89b5, org.springframework.boot.test.json.DuplicateJsonObjectContextCustomizerFactory$DuplicateJsonObjectContextCustomizer@c1fa7d4, org.springframework.boot.test.mock.mockito.MockitoContextCustomizer@0, org.springframework.boot.test.web.client.TestRestTemplateContextCustomizer@455824ad, org.springframework.boot.test.context.SpringBootTestArgs@1, org.springframework.boot.test.context.SpringBootTestWebEnvironment@40cb698e], resourceBasePath = 'src/main/webapp', contextLoader = 'org.springframework.boot.test.context.SpringBootContextLoader', parent = [null]], attributes = map['org.springframework.test.context.web.ServletTestExecutionListener.activateListener' -> false]], class annotated with @DirtiesContext [true] with mode [AFTER_EACH_TEST_METHOD].
15:50:02.897 [Test worker] DEBUG org.springframework.test.context.support.DependencyInjectionTestExecutionListener - Performing dependency injection for test context [[DefaultTestContext@6ab4a5b testClass = BookControllerTest, testInstance = com.example.SpringReactBookstore.integrationTEST.BookControllerTest@650ae78c, testMethod = [null], testException = [null], mergedContextConfiguration = [WebMergedContextConfiguration@2abe9173 testClass = BookControllerTest, locations = '{}', classes = '{class com.example.SpringReactBookstore.SpringReactBookstoreApplication}', contextInitializerClasses = '[]', activeProfiles = '{}', propertySourceLocations = '{}', propertySourceProperties = '{org.springframework.boot.test.context.SpringBootTestContextBootstrapper=true, server.port=0}', contextCustomizers = set[org.springframework.boot.test.autoconfigure.actuate.metrics.MetricsExportContextCustomizerFactory$DisableMetricExportContextCustomizer@3f93e4a8, org.springframework.boot.test.autoconfigure.properties.PropertyMappingContextCustomizer@0, org.springframework.boot.test.autoconfigure.web.servlet.WebDriverContextCustomizerFactory$Customizer@15d0849, org.springframework.boot.test.context.filter.ExcludeFilterContextCustomizer@563a89b5, org.springframework.boot.test.json.DuplicateJsonObjectContextCustomizerFactory$DuplicateJsonObjectContextCustomizer@c1fa7d4, org.springframework.boot.test.mock.mockito.MockitoContextCustomizer@0, org.springframework.boot.test.web.client.TestRestTemplateContextCustomizer@455824ad, org.springframework.boot.test.context.SpringBootTestArgs@1, org.springframework.boot.test.context.SpringBootTestWebEnvironment@40cb698e], resourceBasePath = 'src/main/webapp', contextLoader = 'org.springframework.boot.test.context.SpringBootContextLoader', parent = [null]], attributes = map['org.springframework.test.context.web.ServletTestExecutionListener.activateListener' -> false, 'org.springframework.test.context.event.ApplicationEventsTestExecutionListener.recordApplicationEvents' -> false]]].

  .   ____          _            __ _ _
 /\\ / ___'_ __ _ _(_)_ __  __ _ \ \ \ \
( ( )\___ | '_ | '_| | '_ \/ _` | \ \ \ \
 \\/  ___)| |_)| | | | | || (_| |  ) ) ) )
  '  |____| .__|_| |_|_| |_\__, | / / / /
 =========|_|==============|___/=/_/_/_/
 :: Spring Boot ::                (v2.7.0)

2022-06-17 15:50:03.828  INFO 37677 --- [    Test worker] c.e.S.i.BookControllerTest               : Starting BookControllerTest using Java 17.0.3 on AMBUS001203 with PID 37677 (started by m_2171923 in /Users/m_2171923/Desktop/UDEMY/SPRING_REACT_BOOKSTORE)
2022-06-17 15:50:03.830  INFO 37677 --- [    Test worker] c.e.S.i.BookControllerTest               : No active profile set, falling back to 1 default profile: "default"
2022-06-17 15:50:05.954  INFO 37677 --- [    Test worker] .s.d.r.c.RepositoryConfigurationDelegate : Bootstrapping Spring Data JPA repositories in DEFAULT mode.
2022-06-17 15:50:06.093  INFO 37677 --- [    Test worker] .s.d.r.c.RepositoryConfigurationDelegate : Finished Spring Data repository scanning in 122 ms. Found 1 JPA repository interfaces.
2022-06-17 15:50:08.100  INFO 37677 --- [    Test worker] o.s.b.w.embedded.tomcat.TomcatWebServer  : Tomcat initialized with port(s): 0 (http)
2022-06-17 15:50:08.183  INFO 37677 --- [    Test worker] o.apache.catalina.core.StandardService   : Starting service [Tomcat]
2022-06-17 15:50:08.186  INFO 37677 --- [    Test worker] org.apache.catalina.core.StandardEngine  : Starting Servlet engine: [Apache Tomcat/9.0.63]
2022-06-17 15:50:08.420  INFO 37677 --- [    Test worker] o.a.c.c.C.[Tomcat].[localhost].[/]       : Initializing Spring embedded WebApplicationContext
2022-06-17 15:50:08.421  INFO 37677 --- [    Test worker] w.s.c.ServletWebServerApplicationContext : Root WebApplicationContext: initialization completed in 4560 ms
2022-06-17 15:50:08.990  INFO 37677 --- [    Test worker] o.f.c.internal.license.VersionPrinter    : Flyway Community Edition 8.5.12 by Redgate
2022-06-17 15:50:08.992  INFO 37677 --- [    Test worker] o.f.c.internal.license.VersionPrinter    : See what's new here: https://flywaydb.org/documentation/learnmore/releaseNotes#8.5.12
2022-06-17 15:50:08.992  INFO 37677 --- [    Test worker] o.f.c.internal.license.VersionPrinter    : 
2022-06-17 15:50:09.020  INFO 37677 --- [    Test worker] com.zaxxer.hikari.HikariDataSource       : HikariPool-1 - Starting...
2022-06-17 15:50:09.506  INFO 37677 --- [    Test worker] com.zaxxer.hikari.HikariDataSource       : HikariPool-1 - Start completed.
2022-06-17 15:50:09.522  INFO 37677 --- [    Test worker] o.f.c.i.database.base.BaseDatabaseType   : Database: jdbc:h2:mem:testdb (H2 2.1)
2022-06-17 15:50:09.577  WARN 37677 --- [    Test worker] o.f.c.internal.database.base.Database    : Flyway upgrade recommended: H2 2.1.212 is newer than this version of Flyway and support has not been tested. The latest supported version of H2 is 2.1.210.
2022-06-17 15:50:09.613  INFO 37677 --- [    Test worker] o.f.core.internal.command.DbValidate     : Successfully validated 1 migration (execution time 00:00.020s)
2022-06-17 15:50:09.627  INFO 37677 --- [    Test worker] o.f.c.i.s.JdbcTableSchemaHistory         : Creating Schema History table "PUBLIC"."flyway_schema_history" ...
2022-06-17 15:50:09.731  INFO 37677 --- [    Test worker] o.f.core.internal.command.DbMigrate      : Current version of schema "PUBLIC": << Empty Schema >>
2022-06-17 15:50:09.752  INFO 37677 --- [    Test worker] o.f.core.internal.command.DbMigrate      : Migrating schema "PUBLIC" to version "1 - Book Schema"
2022-06-17 15:50:09.784  INFO 37677 --- [    Test worker] o.f.core.internal.command.DbMigrate      : Successfully applied 1 migration to schema "PUBLIC", now at version v1 (execution time 00:00.062s)
2022-06-17 15:50:10.457  INFO 37677 --- [    Test worker] o.hibernate.jpa.internal.util.LogHelper  : HHH000204: Processing PersistenceUnitInfo [name: default]
2022-06-17 15:50:10.531  INFO 37677 --- [    Test worker] org.hibernate.Version                    : HHH000412: Hibernate ORM core version 5.6.9.Final
2022-06-17 15:50:10.782  INFO 37677 --- [    Test worker] o.hibernate.annotations.common.Version   : HCANN000001: Hibernate Commons Annotations {5.1.2.Final}
2022-06-17 15:50:10.970  INFO 37677 --- [    Test worker] org.hibernate.dialect.Dialect            : HHH000400: Using dialect: org.hibernate.dialect.H2Dialect
2022-06-17 15:50:11.921  INFO 37677 --- [    Test worker] o.h.e.t.j.p.i.JtaPlatformInitiator       : HHH000490: Using JtaPlatform implementation: [org.hibernate.engine.transaction.jta.platform.internal.NoJtaPlatform]
2022-06-17 15:50:11.936  INFO 37677 --- [    Test worker] j.LocalContainerEntityManagerFactoryBean : Initialized JPA EntityManagerFactory for persistence unit 'default'
2022-06-17 15:50:12.866  WARN 37677 --- [    Test worker] JpaBaseConfiguration$JpaWebConfiguration : spring.jpa.open-in-view is enabled by default. Therefore, database queries may be performed during view rendering. Explicitly configure spring.jpa.open-in-view to disable this warning
2022-06-17 15:50:14.110  INFO 37677 --- [    Test worker] o.s.b.w.embedded.tomcat.TomcatWebServer  : Tomcat started on port(s): 56437 (http) with context path ''
2022-06-17 15:50:14.127  INFO 37677 --- [    Test worker] c.e.S.i.BookControllerTest               : Started BookControllerTest in 11.182 seconds (JVM running for 14.289)
2022-06-17 15:50:14.652  INFO 37677 --- [o-auto-1-exec-1] o.a.c.c.C.[Tomcat].[localhost].[/]       : Initializing Spring DispatcherServlet 'dispatcherServlet'
2022-06-17 15:50:14.652  INFO 37677 --- [o-auto-1-exec-1] o.s.web.servlet.DispatcherServlet        : Initializing Servlet 'dispatcherServlet'
2022-06-17 15:50:14.655  INFO 37677 --- [o-auto-1-exec-1] o.s.web.servlet.DispatcherServlet        : Completed initialization in 3 ms
Hibernate: select book0_.id as id1_0_, book0_.description as descript2_0_, book0_.release_year as release_3_0_, book0_.title as title4_0_ from book book0_
2022-06-17 15:50:16.213  INFO 37677 --- [    Test worker] j.LocalContainerEntityManagerFactoryBean : Closing JPA EntityManagerFactory for persistence unit 'default'
2022-06-17 15:50:16.220  INFO 37677 --- [    Test worker] com.zaxxer.hikari.HikariDataSource       : HikariPool-1 - Shutdown initiated...
2022-06-17 15:50:16.223  INFO 37677 --- [    Test worker] com.zaxxer.hikari.HikariDataSource       : HikariPool-1 - Shutdown completed.
]]></system-out>
  <system-err><![CDATA[]]></system-err>
</testsuite>
