<?xml version="1.0" encoding="UTF-8"?>
<testsuite name="com.example.SpringReactBookstore.SpringReactBookstoreApplicationTests" tests="1" skipped="0" failures="0" errors="0" timestamp="2022-06-20T16:42:11" hostname="AMBUS001203" time="0.349">
  <properties/>
  <testcase name="contextLoads()" classname="com.example.SpringReactBookstore.SpringReactBookstoreApplicationTests" time="0.349"/>
  <system-out><![CDATA[11:41:59.778 [Test worker] DEBUG org.springframework.test.context.BootstrapUtils - Instantiating CacheAwareContextLoaderDelegate from class [org.springframework.test.context.cache.DefaultCacheAwareContextLoaderDelegate]
11:41:59.826 [Test worker] DEBUG org.springframework.test.context.BootstrapUtils - Instantiating BootstrapContext using constructor [public org.springframework.test.context.support.DefaultBootstrapContext(java.lang.Class,org.springframework.test.context.CacheAwareContextLoaderDelegate)]
11:41:59.952 [Test worker] DEBUG org.springframework.test.context.BootstrapUtils - Instantiating TestContextBootstrapper for test class [com.example.SpringReactBookstore.SpringReactBookstoreApplicationTests] from class [org.springframework.boot.test.context.SpringBootTestContextBootstrapper]
11:41:59.973 [Test worker] INFO org.springframework.boot.test.context.SpringBootTestContextBootstrapper - Neither @ContextConfiguration nor @ContextHierarchy found for test class [com.example.SpringReactBookstore.SpringReactBookstoreApplicationTests], using SpringBootContextLoader
11:41:59.984 [Test worker] DEBUG org.springframework.test.context.support.AbstractContextLoader - Did not detect default resource location for test class [com.example.SpringReactBookstore.SpringReactBookstoreApplicationTests]: class path resource [com/example/SpringReactBookstore/SpringReactBookstoreApplicationTests-context.xml] does not exist
11:41:59.985 [Test worker] DEBUG org.springframework.test.context.support.AbstractContextLoader - Did not detect default resource location for test class [com.example.SpringReactBookstore.SpringReactBookstoreApplicationTests]: class path resource [com/example/SpringReactBookstore/SpringReactBookstoreApplicationTestsContext.groovy] does not exist
11:41:59.985 [Test worker] INFO org.springframework.test.context.support.AbstractContextLoader - Could not detect default resource locations for test class [com.example.SpringReactBookstore.SpringReactBookstoreApplicationTests]: no resource found for suffixes {-context.xml, Context.groovy}.
11:41:59.986 [Test worker] INFO org.springframework.test.context.support.AnnotationConfigContextLoaderUtils - Could not detect default configuration classes for test class [com.example.SpringReactBookstore.SpringReactBookstoreApplicationTests]: SpringReactBookstoreApplicationTests does not declare any static, non-private, non-final, nested classes annotated with @Configuration.
11:42:00.061 [Test worker] DEBUG org.springframework.test.context.support.ActiveProfilesUtils - Could not find an 'annotation declaring class' for annotation type [org.springframework.test.context.ActiveProfiles] and class [com.example.SpringReactBookstore.SpringReactBookstoreApplicationTests]
11:42:00.202 [Test worker] DEBUG org.springframework.context.annotation.ClassPathScanningCandidateComponentProvider - Identified candidate component class: file [/Users/m_2171923/Desktop/UDEMY/SPRING_REACT_BOOKSTORE/build/classes/java/main/com/example/SpringReactBookstore/SpringReactBookstoreApplication.class]
11:42:00.203 [Test worker] INFO org.springframework.boot.test.context.SpringBootTestContextBootstrapper - Found @SpringBootConfiguration com.example.SpringReactBookstore.SpringReactBookstoreApplication for test class com.example.SpringReactBookstore.SpringReactBookstoreApplicationTests
11:42:00.452 [Test worker] DEBUG org.springframework.boot.test.context.SpringBootTestContextBootstrapper - @TestExecutionListeners is not present for class [com.example.SpringReactBookstore.SpringReactBookstoreApplicationTests]: using defaults.
11:42:00.452 [Test worker] INFO org.springframework.boot.test.context.SpringBootTestContextBootstrapper - Loaded default TestExecutionListener class names from location [META-INF/spring.factories]: [org.springframework.boot.test.autoconfigure.restdocs.RestDocsTestExecutionListener, org.springframework.boot.test.autoconfigure.web.client.MockRestServiceServerResetTestExecutionListener, org.springframework.boot.test.autoconfigure.web.servlet.MockMvcPrintOnlyOnFailureTestExecutionListener, org.springframework.boot.test.autoconfigure.web.servlet.WebDriverTestExecutionListener, org.springframework.boot.test.autoconfigure.webservices.client.MockWebServiceServerTestExecutionListener, org.springframework.boot.test.mock.mockito.MockitoTestExecutionListener, org.springframework.boot.test.mock.mockito.ResetMocksTestExecutionListener, org.springframework.test.context.web.ServletTestExecutionListener, org.springframework.test.context.support.DirtiesContextBeforeModesTestExecutionListener, org.springframework.test.context.event.ApplicationEventsTestExecutionListener, org.springframework.test.context.support.DependencyInjectionTestExecutionListener, org.springframework.test.context.support.DirtiesContextTestExecutionListener, org.springframework.test.context.transaction.TransactionalTestExecutionListener, org.springframework.test.context.jdbc.SqlScriptsTestExecutionListener, org.springframework.test.context.event.EventPublishingTestExecutionListener]
11:42:00.483 [Test worker] INFO org.springframework.boot.test.context.SpringBootTestContextBootstrapper - Using TestExecutionListeners: [org.springframework.test.context.web.ServletTestExecutionListener@625a9c5d, org.springframework.test.context.support.DirtiesContextBeforeModesTestExecutionListener@5d1e0fbb, org.springframework.test.context.event.ApplicationEventsTestExecutionListener@2eed37f4, org.springframework.boot.test.mock.mockito.MockitoTestExecutionListener@9b76b60, org.springframework.boot.test.autoconfigure.SpringBootDependencyInjectionTestExecutionListener@3fb9a67f, org.springframework.test.context.support.DirtiesContextTestExecutionListener@127705e4, org.springframework.test.context.transaction.TransactionalTestExecutionListener@5562c2c9, org.springframework.test.context.jdbc.SqlScriptsTestExecutionListener@673c4f6e, org.springframework.test.context.event.EventPublishingTestExecutionListener@15c487a8, org.springframework.boot.test.autoconfigure.restdocs.RestDocsTestExecutionListener@3f36e8d1, org.springframework.boot.test.autoconfigure.web.client.MockRestServiceServerResetTestExecutionListener@7c011174, org.springframework.boot.test.autoconfigure.web.servlet.MockMvcPrintOnlyOnFailureTestExecutionListener@794366a5, org.springframework.boot.test.autoconfigure.web.servlet.WebDriverTestExecutionListener@480b57e2, org.springframework.boot.test.autoconfigure.webservices.client.MockWebServiceServerTestExecutionListener@40f35e52, org.springframework.boot.test.mock.mockito.ResetMocksTestExecutionListener@340d6d89]
11:42:00.489 [Test worker] DEBUG org.springframework.test.context.support.AbstractDirtiesContextTestExecutionListener - Before test class: context [DefaultTestContext@57545c3f testClass = SpringReactBookstoreApplicationTests, testInstance = [null], testMethod = [null], testException = [null], mergedContextConfiguration = [WebMergedContextConfiguration@326e0b8e testClass = SpringReactBookstoreApplicationTests, locations = '{}', classes = '{class com.example.SpringReactBookstore.SpringReactBookstoreApplication}', contextInitializerClasses = '[]', activeProfiles = '{}', propertySourceLocations = '{}', propertySourceProperties = '{org.springframework.boot.test.context.SpringBootTestContextBootstrapper=true}', contextCustomizers = set[org.springframework.boot.test.autoconfigure.actuate.metrics.MetricsExportContextCustomizerFactory$DisableMetricExportContextCustomizer@62566842, org.springframework.boot.test.autoconfigure.properties.PropertyMappingContextCustomizer@0, org.springframework.boot.test.autoconfigure.web.servlet.WebDriverContextCustomizerFactory$Customizer@3f49e266, org.springframework.boot.test.context.filter.ExcludeFilterContextCustomizer@281ce6bb, org.springframework.boot.test.json.DuplicateJsonObjectContextCustomizerFactory$DuplicateJsonObjectContextCustomizer@38018b62, org.springframework.boot.test.mock.mockito.MockitoContextCustomizer@0, org.springframework.boot.test.web.client.TestRestTemplateContextCustomizer@6c1832aa, org.springframework.boot.test.context.SpringBootTestArgs@1, org.springframework.boot.test.context.SpringBootTestWebEnvironment@17a87e37], resourceBasePath = 'src/main/webapp', contextLoader = 'org.springframework.boot.test.context.SpringBootContextLoader', parent = [null]], attributes = map['org.springframework.test.context.web.ServletTestExecutionListener.activateListener' -> true]], class annotated with @DirtiesContext [false] with mode [null].

  .   ____          _            __ _ _
 /\\ / ___'_ __ _ _(_)_ __  __ _ \ \ \ \
( ( )\___ | '_ | '_| | '_ \/ _` | \ \ \ \
 \\/  ___)| |_)| | | | | || (_| |  ) ) ) )
  '  |____| .__|_| |_|_| |_\__, | / / / /
 =========|_|==============|___/=/_/_/_/
 :: Spring Boot ::                (v2.7.0)

2022-06-20 11:42:01.881  INFO 26735 --- [    Test worker] e.S.SpringReactBookstoreApplicationTests : Starting SpringReactBookstoreApplicationTests using Java 17.0.3 on AMBUS001203 with PID 26735 (started by m_2171923 in /Users/m_2171923/Desktop/UDEMY/SPRING_REACT_BOOKSTORE)
2022-06-20 11:42:01.883  INFO 26735 --- [    Test worker] e.S.SpringReactBookstoreApplicationTests : No active profile set, falling back to 1 default profile: "default"
2022-06-20 11:42:04.230  INFO 26735 --- [    Test worker] .s.d.r.c.RepositoryConfigurationDelegate : Bootstrapping Spring Data JPA repositories in DEFAULT mode.
2022-06-20 11:42:04.397  INFO 26735 --- [    Test worker] .s.d.r.c.RepositoryConfigurationDelegate : Finished Spring Data repository scanning in 124 ms. Found 1 JPA repository interfaces.
2022-06-20 11:42:05.950  INFO 26735 --- [    Test worker] o.f.c.internal.license.VersionPrinter    : Flyway Community Edition 8.5.12 by Redgate
2022-06-20 11:42:05.951  INFO 26735 --- [    Test worker] o.f.c.internal.license.VersionPrinter    : See what's new here: https://flywaydb.org/documentation/learnmore/releaseNotes#8.5.12
2022-06-20 11:42:05.952  INFO 26735 --- [    Test worker] o.f.c.internal.license.VersionPrinter    : 
2022-06-20 11:42:05.969  INFO 26735 --- [    Test worker] com.zaxxer.hikari.HikariDataSource       : HikariPool-1 - Starting...
2022-06-20 11:42:06.564  INFO 26735 --- [    Test worker] com.zaxxer.hikari.HikariDataSource       : HikariPool-1 - Start completed.
2022-06-20 11:42:06.586  INFO 26735 --- [    Test worker] o.f.c.i.database.base.BaseDatabaseType   : Database: jdbc:h2:mem:testdb (H2 2.1)
2022-06-20 11:42:06.633  WARN 26735 --- [    Test worker] o.f.c.internal.database.base.Database    : Flyway upgrade recommended: H2 2.1.212 is newer than this version of Flyway and support has not been tested. The latest supported version of H2 is 2.1.210.
2022-06-20 11:42:06.678  INFO 26735 --- [    Test worker] o.f.core.internal.command.DbValidate     : Successfully validated 1 migration (execution time 00:00.025s)
2022-06-20 11:42:06.693  INFO 26735 --- [    Test worker] o.f.c.i.s.JdbcTableSchemaHistory         : Creating Schema History table "PUBLIC"."flyway_schema_history" ...
2022-06-20 11:42:06.769  INFO 26735 --- [    Test worker] o.f.core.internal.command.DbMigrate      : Current version of schema "PUBLIC": << Empty Schema >>
2022-06-20 11:42:06.785  INFO 26735 --- [    Test worker] o.f.core.internal.command.DbMigrate      : Migrating schema "PUBLIC" to version "1 - Book Schema"
2022-06-20 11:42:06.804  INFO 26735 --- [    Test worker] o.f.core.internal.command.DbMigrate      : Successfully applied 1 migration to schema "PUBLIC", now at version v1 (execution time 00:00.040s)
2022-06-20 11:42:07.364  INFO 26735 --- [    Test worker] o.hibernate.jpa.internal.util.LogHelper  : HHH000204: Processing PersistenceUnitInfo [name: default]
2022-06-20 11:42:07.542  INFO 26735 --- [    Test worker] org.hibernate.Version                    : HHH000412: Hibernate ORM core version 5.6.9.Final
2022-06-20 11:42:07.956  INFO 26735 --- [    Test worker] o.hibernate.annotations.common.Version   : HCANN000001: Hibernate Commons Annotations {5.1.2.Final}
2022-06-20 11:42:08.142  INFO 26735 --- [    Test worker] org.hibernate.dialect.Dialect            : HHH000400: Using dialect: org.hibernate.dialect.H2Dialect
2022-06-20 11:42:08.966  INFO 26735 --- [    Test worker] o.h.e.t.j.p.i.JtaPlatformInitiator       : HHH000490: Using JtaPlatform implementation: [org.hibernate.engine.transaction.jta.platform.internal.NoJtaPlatform]
2022-06-20 11:42:08.977  INFO 26735 --- [    Test worker] j.LocalContainerEntityManagerFactoryBean : Initialized JPA EntityManagerFactory for persistence unit 'default'
2022-06-20 11:42:10.388  WARN 26735 --- [    Test worker] JpaBaseConfiguration$JpaWebConfiguration : spring.jpa.open-in-view is enabled by default. Therefore, database queries may be performed during view rendering. Explicitly configure spring.jpa.open-in-view to disable this warning
2022-06-20 11:42:11.687  INFO 26735 --- [    Test worker] e.S.SpringReactBookstoreApplicationTests : Started SpringReactBookstoreApplicationTests in 11.081 seconds (JVM running for 14.587)
]]></system-out>
  <system-err><![CDATA[]]></system-err>
</testsuite>
