<?xml version="1.0" encoding="UTF-8"?>
<testsuite name="com.example.SpringReactBookstore.repositories.BookRepositoryTest" tests="3" skipped="0" failures="0" errors="0" timestamp="2022-06-22T19:19:18" hostname="AMBUS001203" time="1.539">
  <properties/>
  <testcase name="shouldReturnOneBookWhenTitleIsTestTitle()" classname="com.example.SpringReactBookstore.repositories.BookRepositoryTest" time="0.146"/>
  <testcase name="shouldBeAbleToFetchAllBooksInDb()" classname="com.example.SpringReactBookstore.repositories.BookRepositoryTest" time="0.034"/>
  <testcase name="shouldReturnOneBookWhenTitleIsTestTitle_IgnoreCase()" classname="com.example.SpringReactBookstore.repositories.BookRepositoryTest" time="0.041"/>
  <system-out><![CDATA[2022-06-22 14:19:17.655  INFO 91220 --- [    Test worker] b.t.a.o.j.DataJpaTestContextBootstrapper : Neither @ContextConfiguration nor @ContextHierarchy found for test class [com.example.SpringReactBookstore.repositories.BookRepositoryTest], using SpringBootContextLoader
2022-06-22 14:19:17.657  INFO 91220 --- [    Test worker] o.s.t.c.support.AbstractContextLoader    : Could not detect default resource locations for test class [com.example.SpringReactBookstore.repositories.BookRepositoryTest]: no resource found for suffixes {-context.xml, Context.groovy}.
2022-06-22 14:19:17.659  INFO 91220 --- [    Test worker] t.c.s.AnnotationConfigContextLoaderUtils : Could not detect default configuration classes for test class [com.example.SpringReactBookstore.repositories.BookRepositoryTest]: BookRepositoryTest does not declare any static, non-private, non-final, nested classes annotated with @Configuration.
2022-06-22 14:19:17.710  INFO 91220 --- [    Test worker] .b.t.c.SpringBootTestContextBootstrapper : Found @SpringBootConfiguration com.example.SpringReactBookstore.SpringReactBookstoreApplication for test class com.example.SpringReactBookstore.repositories.BookRepositoryTest
2022-06-22 14:19:17.713  INFO 91220 --- [    Test worker] b.t.a.o.j.DataJpaTestContextBootstrapper : Loaded default TestExecutionListener class names from location [META-INF/spring.factories]: [org.springframework.boot.test.autoconfigure.restdocs.RestDocsTestExecutionListener, org.springframework.boot.test.autoconfigure.web.client.MockRestServiceServerResetTestExecutionListener, org.springframework.boot.test.autoconfigure.web.servlet.MockMvcPrintOnlyOnFailureTestExecutionListener, org.springframework.boot.test.autoconfigure.web.servlet.WebDriverTestExecutionListener, org.springframework.boot.test.autoconfigure.webservices.client.MockWebServiceServerTestExecutionListener, org.springframework.boot.test.mock.mockito.MockitoTestExecutionListener, org.springframework.boot.test.mock.mockito.ResetMocksTestExecutionListener, org.springframework.test.context.web.ServletTestExecutionListener, org.springframework.test.context.support.DirtiesContextBeforeModesTestExecutionListener, org.springframework.test.context.event.ApplicationEventsTestExecutionListener, org.springframework.test.context.support.DependencyInjectionTestExecutionListener, org.springframework.test.context.support.DirtiesContextTestExecutionListener, org.springframework.test.context.transaction.TransactionalTestExecutionListener, org.springframework.test.context.jdbc.SqlScriptsTestExecutionListener, org.springframework.test.context.event.EventPublishingTestExecutionListener]
2022-06-22 14:19:17.714  INFO 91220 --- [    Test worker] b.t.a.o.j.DataJpaTestContextBootstrapper : Using TestExecutionListeners: [org.springframework.test.context.web.ServletTestExecutionListener@10569c2a, org.springframework.test.context.support.DirtiesContextBeforeModesTestExecutionListener@6cac2c08, org.springframework.test.context.event.ApplicationEventsTestExecutionListener@435cc319, org.springframework.boot.test.mock.mockito.MockitoTestExecutionListener@1a2b76fa, org.springframework.boot.test.autoconfigure.SpringBootDependencyInjectionTestExecutionListener@3e380e59, org.springframework.test.context.support.DirtiesContextTestExecutionListener@3379b9fa, org.springframework.test.context.transaction.TransactionalTestExecutionListener@1618f087, org.springframework.test.context.jdbc.SqlScriptsTestExecutionListener@57c5c818, org.springframework.test.context.event.EventPublishingTestExecutionListener@29f14e7f, org.springframework.boot.test.autoconfigure.restdocs.RestDocsTestExecutionListener@57b994d2, org.springframework.boot.test.autoconfigure.web.client.MockRestServiceServerResetTestExecutionListener@6f4da6a, org.springframework.boot.test.autoconfigure.web.servlet.MockMvcPrintOnlyOnFailureTestExecutionListener@7f0857a4, org.springframework.boot.test.autoconfigure.web.servlet.WebDriverTestExecutionListener@5c296c8c, org.springframework.boot.test.autoconfigure.webservices.client.MockWebServiceServerTestExecutionListener@472d6cdf, org.springframework.boot.test.mock.mockito.ResetMocksTestExecutionListener@67aad9da]

  .   ____          _            __ _ _
 /\\ / ___'_ __ _ _(_)_ __  __ _ \ \ \ \
( ( )\___ | '_ | '_| | '_ \/ _` | \ \ \ \
 \\/  ___)| |_)| | | | | || (_| |  ) ) ) )
  '  |____| .__|_| |_|_| |_\__, | / / / /
 =========|_|==============|___/=/_/_/_/
 :: Spring Boot ::                (v2.7.0)

2022-06-22 14:19:17.819  INFO 91220 --- [    Test worker] c.e.S.repositories.BookRepositoryTest    : Starting BookRepositoryTest using Java 17.0.3 on AMBUS001203 with PID 91220 (started by m_2171923 in /Users/m_2171923/Desktop/UDEMY/SPRING_REACT_BOOKSTORE)
2022-06-22 14:19:17.821  INFO 91220 --- [    Test worker] c.e.S.repositories.BookRepositoryTest    : No active profile set, falling back to 1 default profile: "default"
2022-06-22 14:19:18.070  INFO 91220 --- [    Test worker] .s.d.r.c.RepositoryConfigurationDelegate : Bootstrapping Spring Data JPA repositories in DEFAULT mode.
2022-06-22 14:19:18.088  INFO 91220 --- [    Test worker] .s.d.r.c.RepositoryConfigurationDelegate : Finished Spring Data repository scanning in 16 ms. Found 1 JPA repository interfaces.
2022-06-22 14:19:18.119  INFO 91220 --- [    Test worker] beddedDataSourceBeanFactoryPostProcessor : Replacing 'dataSource' DataSource bean with embedded version
2022-06-22 14:19:18.287  INFO 91220 --- [    Test worker] o.s.j.d.e.EmbeddedDatabaseFactory        : Starting embedded database: url='jdbc:h2:mem:6ab6f29f-6900-48c6-959e-030369d6059a;DB_CLOSE_DELAY=-1;DB_CLOSE_ON_EXIT=false', username='sa'
2022-06-22 14:19:18.322  INFO 91220 --- [    Test worker] o.f.c.internal.license.VersionPrinter    : Flyway Community Edition 8.5.12 by Redgate
2022-06-22 14:19:18.322  INFO 91220 --- [    Test worker] o.f.c.internal.license.VersionPrinter    : See what's new here: https://flywaydb.org/documentation/learnmore/releaseNotes#8.5.12
2022-06-22 14:19:18.322  INFO 91220 --- [    Test worker] o.f.c.internal.license.VersionPrinter    : 
2022-06-22 14:19:18.328  INFO 91220 --- [    Test worker] o.f.c.i.database.base.BaseDatabaseType   : Database: jdbc:h2:mem:6ab6f29f-6900-48c6-959e-030369d6059a (H2 2.1)
2022-06-22 14:19:18.339  WARN 91220 --- [    Test worker] o.f.c.internal.database.base.Database    : Flyway upgrade recommended: H2 2.1.212 is newer than this version of Flyway and support has not been tested. The latest supported version of H2 is 2.1.210.
2022-06-22 14:19:18.345  INFO 91220 --- [    Test worker] o.f.core.internal.command.DbValidate     : Successfully validated 1 migration (execution time 00:00.002s)
2022-06-22 14:19:18.348  INFO 91220 --- [    Test worker] o.f.c.i.s.JdbcTableSchemaHistory         : Creating Schema History table "PUBLIC"."flyway_schema_history" ...
2022-06-22 14:19:18.374  INFO 91220 --- [    Test worker] o.f.core.internal.command.DbMigrate      : Current version of schema "PUBLIC": << Empty Schema >>
2022-06-22 14:19:18.377  INFO 91220 --- [    Test worker] o.f.core.internal.command.DbMigrate      : Migrating schema "PUBLIC" to version "1 - Book Schema"
2022-06-22 14:19:18.384  INFO 91220 --- [    Test worker] o.f.core.internal.command.DbMigrate      : Successfully applied 1 migration to schema "PUBLIC", now at version v1 (execution time 00:00.011s)
2022-06-22 14:19:18.476  INFO 91220 --- [    Test worker] o.hibernate.jpa.internal.util.LogHelper  : HHH000204: Processing PersistenceUnitInfo [name: default]
2022-06-22 14:19:18.488  INFO 91220 --- [    Test worker] org.hibernate.dialect.Dialect            : HHH000400: Using dialect: org.hibernate.dialect.H2Dialect
2022-06-22 14:19:18.560  INFO 91220 --- [    Test worker] o.h.e.t.j.p.i.JtaPlatformInitiator       : HHH000490: Using JtaPlatform implementation: [org.hibernate.engine.transaction.jta.platform.internal.NoJtaPlatform]
2022-06-22 14:19:18.561  INFO 91220 --- [    Test worker] j.LocalContainerEntityManagerFactoryBean : Initialized JPA EntityManagerFactory for persistence unit 'default'
2022-06-22 14:19:18.847  INFO 91220 --- [    Test worker] c.e.S.repositories.BookRepositoryTest    : Started BookRepositoryTest in 1.125 seconds (JVM running for 20.371)
2022-06-22 14:19:18.926  INFO 91220 --- [    Test worker] o.s.t.c.transaction.TransactionContext   : Began transaction (1) for test context [DefaultTestContext@20a9257 testClass = BookRepositoryTest, testInstance = com.example.SpringReactBookstore.repositories.BookRepositoryTest@ec9fc35, testMethod = shouldReturnOneBookWhenTitleIsTestTitle@BookRepositoryTest, testException = [null], mergedContextConfiguration = [MergedContextConfiguration@4bdbaed7 testClass = BookRepositoryTest, locations = '{}', classes = '{class com.example.SpringReactBookstore.SpringReactBookstoreApplication}', contextInitializerClasses = '[]', activeProfiles = '{}', propertySourceLocations = '{}', propertySourceProperties = '{org.springframework.boot.test.autoconfigure.orm.jpa.DataJpaTestContextBootstrapper=true}', contextCustomizers = set[org.springframework.boot.test.autoconfigure.OverrideAutoConfigurationContextCustomizerFactory$DisableAutoConfigurationContextCustomizer@4a9fceb0, org.springframework.boot.test.autoconfigure.actuate.metrics.MetricsExportContextCustomizerFactory$DisableMetricExportContextCustomizer@77134e08, org.springframework.boot.test.autoconfigure.filter.TypeExcludeFiltersContextCustomizer@351584c0, org.springframework.boot.test.autoconfigure.properties.PropertyMappingContextCustomizer@de5a2221, org.springframework.boot.test.autoconfigure.web.servlet.WebDriverContextCustomizerFactory$Customizer@270b6b5e, [ImportsContextCustomizer@1c3b3d09 key = [org.springframework.boot.autoconfigure.cache.CacheAutoConfiguration, org.springframework.boot.autoconfigure.data.jpa.JpaRepositoriesAutoConfiguration, org.springframework.boot.autoconfigure.flyway.FlywayAutoConfiguration, org.springframework.boot.autoconfigure.jdbc.DataSourceAutoConfiguration, org.springframework.boot.autoconfigure.jdbc.DataSourceTransactionManagerAutoConfiguration, org.springframework.boot.autoconfigure.jdbc.JdbcTemplateAutoConfiguration, org.springframework.boot.autoconfigure.liquibase.LiquibaseAutoConfiguration, org.springframework.boot.autoconfigure.orm.jpa.HibernateJpaAutoConfiguration, org.springframework.boot.autoconfigure.sql.init.SqlInitializationAutoConfiguration, org.springframework.boot.autoconfigure.transaction.TransactionAutoConfiguration, org.springframework.boot.test.autoconfigure.jdbc.TestDatabaseAutoConfiguration, org.springframework.boot.test.autoconfigure.orm.jpa.TestEntityManagerAutoConfiguration]], org.springframework.boot.test.context.filter.ExcludeFilterContextCustomizer@3e6534e7, org.springframework.boot.test.json.DuplicateJsonObjectContextCustomizerFactory$DuplicateJsonObjectContextCustomizer@14dc3f89, org.springframework.boot.test.mock.mockito.MockitoContextCustomizer@0, org.springframework.boot.test.context.SpringBootTestArgs@1, org.springframework.boot.test.context.SpringBootTestWebEnvironment@0], contextLoader = 'org.springframework.boot.test.context.SpringBootContextLoader', parent = [null]], attributes = map['org.springframework.test.context.event.ApplicationEventsTestExecutionListener.recordApplicationEvents' -> false]]; transaction manager [org.springframework.orm.jpa.JpaTransactionManager@368648c]; rollback [true]
Hibernate: select book0_.id as id1_0_, book0_.description as descript2_0_, book0_.release_year as release_3_0_, book0_.title as title4_0_ from book book0_ where book0_.title=?
2022-06-22 14:19:19.016  INFO 91220 --- [    Test worker] o.s.t.c.transaction.TransactionContext   : Rolled back transaction for test: [DefaultTestContext@20a9257 testClass = BookRepositoryTest, testInstance = com.example.SpringReactBookstore.repositories.BookRepositoryTest@ec9fc35, testMethod = shouldReturnOneBookWhenTitleIsTestTitle@BookRepositoryTest, testException = [null], mergedContextConfiguration = [MergedContextConfiguration@4bdbaed7 testClass = BookRepositoryTest, locations = '{}', classes = '{class com.example.SpringReactBookstore.SpringReactBookstoreApplication}', contextInitializerClasses = '[]', activeProfiles = '{}', propertySourceLocations = '{}', propertySourceProperties = '{org.springframework.boot.test.autoconfigure.orm.jpa.DataJpaTestContextBootstrapper=true}', contextCustomizers = set[org.springframework.boot.test.autoconfigure.OverrideAutoConfigurationContextCustomizerFactory$DisableAutoConfigurationContextCustomizer@4a9fceb0, org.springframework.boot.test.autoconfigure.actuate.metrics.MetricsExportContextCustomizerFactory$DisableMetricExportContextCustomizer@77134e08, org.springframework.boot.test.autoconfigure.filter.TypeExcludeFiltersContextCustomizer@351584c0, org.springframework.boot.test.autoconfigure.properties.PropertyMappingContextCustomizer@de5a2221, org.springframework.boot.test.autoconfigure.web.servlet.WebDriverContextCustomizerFactory$Customizer@270b6b5e, [ImportsContextCustomizer@1c3b3d09 key = [org.springframework.boot.autoconfigure.cache.CacheAutoConfiguration, org.springframework.boot.autoconfigure.data.jpa.JpaRepositoriesAutoConfiguration, org.springframework.boot.autoconfigure.flyway.FlywayAutoConfiguration, org.springframework.boot.autoconfigure.jdbc.DataSourceAutoConfiguration, org.springframework.boot.autoconfigure.jdbc.DataSourceTransactionManagerAutoConfiguration, org.springframework.boot.autoconfigure.jdbc.JdbcTemplateAutoConfiguration, org.springframework.boot.autoconfigure.liquibase.LiquibaseAutoConfiguration, org.springframework.boot.autoconfigure.orm.jpa.HibernateJpaAutoConfiguration, org.springframework.boot.autoconfigure.sql.init.SqlInitializationAutoConfiguration, org.springframework.boot.autoconfigure.transaction.TransactionAutoConfiguration, org.springframework.boot.test.autoconfigure.jdbc.TestDatabaseAutoConfiguration, org.springframework.boot.test.autoconfigure.orm.jpa.TestEntityManagerAutoConfiguration]], org.springframework.boot.test.context.filter.ExcludeFilterContextCustomizer@3e6534e7, org.springframework.boot.test.json.DuplicateJsonObjectContextCustomizerFactory$DuplicateJsonObjectContextCustomizer@14dc3f89, org.springframework.boot.test.mock.mockito.MockitoContextCustomizer@0, org.springframework.boot.test.context.SpringBootTestArgs@1, org.springframework.boot.test.context.SpringBootTestWebEnvironment@0], contextLoader = 'org.springframework.boot.test.context.SpringBootContextLoader', parent = [null]], attributes = map['org.springframework.test.context.event.ApplicationEventsTestExecutionListener.recordApplicationEvents' -> false]]
2022-06-22 14:19:19.020  INFO 91220 --- [    Test worker] j.LocalContainerEntityManagerFactoryBean : Closing JPA EntityManagerFactory for persistence unit 'default'

  .   ____          _            __ _ _
 /\\ / ___'_ __ _ _(_)_ __  __ _ \ \ \ \
( ( )\___ | '_ | '_| | '_ \/ _` | \ \ \ \
 \\/  ___)| |_)| | | | | || (_| |  ) ) ) )
  '  |____| .__|_| |_|_| |_\__, | / / / /
 =========|_|==============|___/=/_/_/_/
 :: Spring Boot ::                (v2.7.0)

2022-06-22 14:19:19.109  INFO 91220 --- [    Test worker] c.e.S.repositories.BookRepositoryTest    : Starting BookRepositoryTest using Java 17.0.3 on AMBUS001203 with PID 91220 (started by m_2171923 in /Users/m_2171923/Desktop/UDEMY/SPRING_REACT_BOOKSTORE)
2022-06-22 14:19:19.109  INFO 91220 --- [    Test worker] c.e.S.repositories.BookRepositoryTest    : No active profile set, falling back to 1 default profile: "default"
2022-06-22 14:19:19.273  INFO 91220 --- [    Test worker] .s.d.r.c.RepositoryConfigurationDelegate : Bootstrapping Spring Data JPA repositories in DEFAULT mode.
2022-06-22 14:19:19.289  INFO 91220 --- [    Test worker] .s.d.r.c.RepositoryConfigurationDelegate : Finished Spring Data repository scanning in 16 ms. Found 1 JPA repository interfaces.
2022-06-22 14:19:19.319  INFO 91220 --- [    Test worker] beddedDataSourceBeanFactoryPostProcessor : Replacing 'dataSource' DataSource bean with embedded version
2022-06-22 14:19:19.425  INFO 91220 --- [    Test worker] o.s.j.d.e.EmbeddedDatabaseFactory        : Starting embedded database: url='jdbc:h2:mem:ea621315-b725-42ff-9042-b42a73a7332d;DB_CLOSE_DELAY=-1;DB_CLOSE_ON_EXIT=false', username='sa'
2022-06-22 14:19:19.442  INFO 91220 --- [    Test worker] o.f.c.internal.license.VersionPrinter    : Flyway Community Edition 8.5.12 by Redgate
2022-06-22 14:19:19.442  INFO 91220 --- [    Test worker] o.f.c.internal.license.VersionPrinter    : See what's new here: https://flywaydb.org/documentation/learnmore/releaseNotes#8.5.12
2022-06-22 14:19:19.442  INFO 91220 --- [    Test worker] o.f.c.internal.license.VersionPrinter    : 
2022-06-22 14:19:19.445  INFO 91220 --- [    Test worker] o.f.c.i.database.base.BaseDatabaseType   : Database: jdbc:h2:mem:ea621315-b725-42ff-9042-b42a73a7332d (H2 2.1)
2022-06-22 14:19:19.450  WARN 91220 --- [    Test worker] o.f.c.internal.database.base.Database    : Flyway upgrade recommended: H2 2.1.212 is newer than this version of Flyway and support has not been tested. The latest supported version of H2 is 2.1.210.
2022-06-22 14:19:19.454  INFO 91220 --- [    Test worker] o.f.core.internal.command.DbValidate     : Successfully validated 1 migration (execution time 00:00.002s)
2022-06-22 14:19:19.461  INFO 91220 --- [    Test worker] o.f.c.i.s.JdbcTableSchemaHistory         : Creating Schema History table "PUBLIC"."flyway_schema_history" ...
2022-06-22 14:19:19.480  INFO 91220 --- [    Test worker] o.f.core.internal.command.DbMigrate      : Current version of schema "PUBLIC": << Empty Schema >>
2022-06-22 14:19:19.485  INFO 91220 --- [    Test worker] o.f.core.internal.command.DbMigrate      : Migrating schema "PUBLIC" to version "1 - Book Schema"
2022-06-22 14:19:19.500  INFO 91220 --- [    Test worker] o.f.core.internal.command.DbMigrate      : Successfully applied 1 migration to schema "PUBLIC", now at version v1 (execution time 00:00.026s)
2022-06-22 14:19:19.556  INFO 91220 --- [    Test worker] o.hibernate.jpa.internal.util.LogHelper  : HHH000204: Processing PersistenceUnitInfo [name: default]
2022-06-22 14:19:19.569  INFO 91220 --- [    Test worker] org.hibernate.dialect.Dialect            : HHH000400: Using dialect: org.hibernate.dialect.H2Dialect
2022-06-22 14:19:19.658  INFO 91220 --- [    Test worker] o.h.e.t.j.p.i.JtaPlatformInitiator       : HHH000490: Using JtaPlatform implementation: [org.hibernate.engine.transaction.jta.platform.internal.NoJtaPlatform]
2022-06-22 14:19:19.659  INFO 91220 --- [    Test worker] j.LocalContainerEntityManagerFactoryBean : Initialized JPA EntityManagerFactory for persistence unit 'default'
2022-06-22 14:19:19.777  INFO 91220 --- [    Test worker] c.e.S.repositories.BookRepositoryTest    : Started BookRepositoryTest in 0.752 seconds (JVM running for 21.3)
2022-06-22 14:19:19.789  INFO 91220 --- [    Test worker] o.s.t.c.transaction.TransactionContext   : Began transaction (1) for test context [DefaultTestContext@20a9257 testClass = BookRepositoryTest, testInstance = com.example.SpringReactBookstore.repositories.BookRepositoryTest@2e41d93b, testMethod = shouldBeAbleToFetchAllBooksInDb@BookRepositoryTest, testException = [null], mergedContextConfiguration = [MergedContextConfiguration@4bdbaed7 testClass = BookRepositoryTest, locations = '{}', classes = '{class com.example.SpringReactBookstore.SpringReactBookstoreApplication}', contextInitializerClasses = '[]', activeProfiles = '{}', propertySourceLocations = '{}', propertySourceProperties = '{org.springframework.boot.test.autoconfigure.orm.jpa.DataJpaTestContextBootstrapper=true}', contextCustomizers = set[org.springframework.boot.test.autoconfigure.OverrideAutoConfigurationContextCustomizerFactory$DisableAutoConfigurationContextCustomizer@4a9fceb0, org.springframework.boot.test.autoconfigure.actuate.metrics.MetricsExportContextCustomizerFactory$DisableMetricExportContextCustomizer@77134e08, org.springframework.boot.test.autoconfigure.filter.TypeExcludeFiltersContextCustomizer@351584c0, org.springframework.boot.test.autoconfigure.properties.PropertyMappingContextCustomizer@de5a2221, org.springframework.boot.test.autoconfigure.web.servlet.WebDriverContextCustomizerFactory$Customizer@270b6b5e, [ImportsContextCustomizer@1c3b3d09 key = [org.springframework.boot.autoconfigure.cache.CacheAutoConfiguration, org.springframework.boot.autoconfigure.data.jpa.JpaRepositoriesAutoConfiguration, org.springframework.boot.autoconfigure.flyway.FlywayAutoConfiguration, org.springframework.boot.autoconfigure.jdbc.DataSourceAutoConfiguration, org.springframework.boot.autoconfigure.jdbc.DataSourceTransactionManagerAutoConfiguration, org.springframework.boot.autoconfigure.jdbc.JdbcTemplateAutoConfiguration, org.springframework.boot.autoconfigure.liquibase.LiquibaseAutoConfiguration, org.springframework.boot.autoconfigure.orm.jpa.HibernateJpaAutoConfiguration, org.springframework.boot.autoconfigure.sql.init.SqlInitializationAutoConfiguration, org.springframework.boot.autoconfigure.transaction.TransactionAutoConfiguration, org.springframework.boot.test.autoconfigure.jdbc.TestDatabaseAutoConfiguration, org.springframework.boot.test.autoconfigure.orm.jpa.TestEntityManagerAutoConfiguration]], org.springframework.boot.test.context.filter.ExcludeFilterContextCustomizer@3e6534e7, org.springframework.boot.test.json.DuplicateJsonObjectContextCustomizerFactory$DuplicateJsonObjectContextCustomizer@14dc3f89, org.springframework.boot.test.mock.mockito.MockitoContextCustomizer@0, org.springframework.boot.test.context.SpringBootTestArgs@1, org.springframework.boot.test.context.SpringBootTestWebEnvironment@0], contextLoader = 'org.springframework.boot.test.context.SpringBootContextLoader', parent = [null]], attributes = map['org.springframework.test.context.event.ApplicationEventsTestExecutionListener.recordApplicationEvents' -> false]]; transaction manager [org.springframework.orm.jpa.JpaTransactionManager@6cf9fb72]; rollback [true]
Hibernate: select book0_.id as id1_0_, book0_.description as descript2_0_, book0_.release_year as release_3_0_, book0_.title as title4_0_ from book book0_
2022-06-22 14:19:19.817  INFO 91220 --- [    Test worker] o.s.t.c.transaction.TransactionContext   : Rolled back transaction for test: [DefaultTestContext@20a9257 testClass = BookRepositoryTest, testInstance = com.example.SpringReactBookstore.repositories.BookRepositoryTest@2e41d93b, testMethod = shouldBeAbleToFetchAllBooksInDb@BookRepositoryTest, testException = [null], mergedContextConfiguration = [MergedContextConfiguration@4bdbaed7 testClass = BookRepositoryTest, locations = '{}', classes = '{class com.example.SpringReactBookstore.SpringReactBookstoreApplication}', contextInitializerClasses = '[]', activeProfiles = '{}', propertySourceLocations = '{}', propertySourceProperties = '{org.springframework.boot.test.autoconfigure.orm.jpa.DataJpaTestContextBootstrapper=true}', contextCustomizers = set[org.springframework.boot.test.autoconfigure.OverrideAutoConfigurationContextCustomizerFactory$DisableAutoConfigurationContextCustomizer@4a9fceb0, org.springframework.boot.test.autoconfigure.actuate.metrics.MetricsExportContextCustomizerFactory$DisableMetricExportContextCustomizer@77134e08, org.springframework.boot.test.autoconfigure.filter.TypeExcludeFiltersContextCustomizer@351584c0, org.springframework.boot.test.autoconfigure.properties.PropertyMappingContextCustomizer@de5a2221, org.springframework.boot.test.autoconfigure.web.servlet.WebDriverContextCustomizerFactory$Customizer@270b6b5e, [ImportsContextCustomizer@1c3b3d09 key = [org.springframework.boot.autoconfigure.cache.CacheAutoConfiguration, org.springframework.boot.autoconfigure.data.jpa.JpaRepositoriesAutoConfiguration, org.springframework.boot.autoconfigure.flyway.FlywayAutoConfiguration, org.springframework.boot.autoconfigure.jdbc.DataSourceAutoConfiguration, org.springframework.boot.autoconfigure.jdbc.DataSourceTransactionManagerAutoConfiguration, org.springframework.boot.autoconfigure.jdbc.JdbcTemplateAutoConfiguration, org.springframework.boot.autoconfigure.liquibase.LiquibaseAutoConfiguration, org.springframework.boot.autoconfigure.orm.jpa.HibernateJpaAutoConfiguration, org.springframework.boot.autoconfigure.sql.init.SqlInitializationAutoConfiguration, org.springframework.boot.autoconfigure.transaction.TransactionAutoConfiguration, org.springframework.boot.test.autoconfigure.jdbc.TestDatabaseAutoConfiguration, org.springframework.boot.test.autoconfigure.orm.jpa.TestEntityManagerAutoConfiguration]], org.springframework.boot.test.context.filter.ExcludeFilterContextCustomizer@3e6534e7, org.springframework.boot.test.json.DuplicateJsonObjectContextCustomizerFactory$DuplicateJsonObjectContextCustomizer@14dc3f89, org.springframework.boot.test.mock.mockito.MockitoContextCustomizer@0, org.springframework.boot.test.context.SpringBootTestArgs@1, org.springframework.boot.test.context.SpringBootTestWebEnvironment@0], contextLoader = 'org.springframework.boot.test.context.SpringBootContextLoader', parent = [null]], attributes = map['org.springframework.test.context.event.ApplicationEventsTestExecutionListener.recordApplicationEvents' -> false]]
2022-06-22 14:19:19.818  INFO 91220 --- [    Test worker] j.LocalContainerEntityManagerFactoryBean : Closing JPA EntityManagerFactory for persistence unit 'default'

  .   ____          _            __ _ _
 /\\ / ___'_ __ _ _(_)_ __  __ _ \ \ \ \
( ( )\___ | '_ | '_| | '_ \/ _` | \ \ \ \
 \\/  ___)| |_)| | | | | || (_| |  ) ) ) )
  '  |____| .__|_| |_|_| |_\__, | / / / /
 =========|_|==============|___/=/_/_/_/
 :: Spring Boot ::                (v2.7.0)

2022-06-22 14:19:19.868  INFO 91220 --- [    Test worker] c.e.S.repositories.BookRepositoryTest    : Starting BookRepositoryTest using Java 17.0.3 on AMBUS001203 with PID 91220 (started by m_2171923 in /Users/m_2171923/Desktop/UDEMY/SPRING_REACT_BOOKSTORE)
2022-06-22 14:19:19.868  INFO 91220 --- [    Test worker] c.e.S.repositories.BookRepositoryTest    : No active profile set, falling back to 1 default profile: "default"
2022-06-22 14:19:19.969  INFO 91220 --- [    Test worker] .s.d.r.c.RepositoryConfigurationDelegate : Bootstrapping Spring Data JPA repositories in DEFAULT mode.
2022-06-22 14:19:19.980  INFO 91220 --- [    Test worker] .s.d.r.c.RepositoryConfigurationDelegate : Finished Spring Data repository scanning in 10 ms. Found 1 JPA repository interfaces.
2022-06-22 14:19:20.002  INFO 91220 --- [    Test worker] beddedDataSourceBeanFactoryPostProcessor : Replacing 'dataSource' DataSource bean with embedded version
2022-06-22 14:19:20.069  INFO 91220 --- [    Test worker] o.s.j.d.e.EmbeddedDatabaseFactory        : Starting embedded database: url='jdbc:h2:mem:4a40114f-9d78-472a-b339-e82889547fa3;DB_CLOSE_DELAY=-1;DB_CLOSE_ON_EXIT=false', username='sa'
2022-06-22 14:19:20.078  INFO 91220 --- [    Test worker] o.f.c.internal.license.VersionPrinter    : Flyway Community Edition 8.5.12 by Redgate
2022-06-22 14:19:20.078  INFO 91220 --- [    Test worker] o.f.c.internal.license.VersionPrinter    : See what's new here: https://flywaydb.org/documentation/learnmore/releaseNotes#8.5.12
2022-06-22 14:19:20.078  INFO 91220 --- [    Test worker] o.f.c.internal.license.VersionPrinter    : 
2022-06-22 14:19:20.080  INFO 91220 --- [    Test worker] o.f.c.i.database.base.BaseDatabaseType   : Database: jdbc:h2:mem:4a40114f-9d78-472a-b339-e82889547fa3 (H2 2.1)
2022-06-22 14:19:20.088  WARN 91220 --- [    Test worker] o.f.c.internal.database.base.Database    : Flyway upgrade recommended: H2 2.1.212 is newer than this version of Flyway and support has not been tested. The latest supported version of H2 is 2.1.210.
2022-06-22 14:19:20.090  INFO 91220 --- [    Test worker] o.f.core.internal.command.DbValidate     : Successfully validated 1 migration (execution time 00:00.001s)
2022-06-22 14:19:20.094  INFO 91220 --- [    Test worker] o.f.c.i.s.JdbcTableSchemaHistory         : Creating Schema History table "PUBLIC"."flyway_schema_history" ...
2022-06-22 14:19:20.111  INFO 91220 --- [    Test worker] o.f.core.internal.command.DbMigrate      : Current version of schema "PUBLIC": << Empty Schema >>
2022-06-22 14:19:20.115  INFO 91220 --- [    Test worker] o.f.core.internal.command.DbMigrate      : Migrating schema "PUBLIC" to version "1 - Book Schema"
2022-06-22 14:19:20.128  INFO 91220 --- [    Test worker] o.f.core.internal.command.DbMigrate      : Successfully applied 1 migration to schema "PUBLIC", now at version v1 (execution time 00:00.019s)
2022-06-22 14:19:20.193  INFO 91220 --- [    Test worker] o.hibernate.jpa.internal.util.LogHelper  : HHH000204: Processing PersistenceUnitInfo [name: default]
2022-06-22 14:19:20.201  INFO 91220 --- [    Test worker] org.hibernate.dialect.Dialect            : HHH000400: Using dialect: org.hibernate.dialect.H2Dialect
2022-06-22 14:19:20.250  INFO 91220 --- [    Test worker] o.h.e.t.j.p.i.JtaPlatformInitiator       : HHH000490: Using JtaPlatform implementation: [org.hibernate.engine.transaction.jta.platform.internal.NoJtaPlatform]
2022-06-22 14:19:20.251  INFO 91220 --- [    Test worker] j.LocalContainerEntityManagerFactoryBean : Initialized JPA EntityManagerFactory for persistence unit 'default'
2022-06-22 14:19:20.368  INFO 91220 --- [    Test worker] c.e.S.repositories.BookRepositoryTest    : Started BookRepositoryTest in 0.547 seconds (JVM running for 21.892)
2022-06-22 14:19:20.376  INFO 91220 --- [    Test worker] o.s.t.c.transaction.TransactionContext   : Began transaction (1) for test context [DefaultTestContext@20a9257 testClass = BookRepositoryTest, testInstance = com.example.SpringReactBookstore.repositories.BookRepositoryTest@26893843, testMethod = shouldReturnOneBookWhenTitleIsTestTitle_IgnoreCase@BookRepositoryTest, testException = [null], mergedContextConfiguration = [MergedContextConfiguration@4bdbaed7 testClass = BookRepositoryTest, locations = '{}', classes = '{class com.example.SpringReactBookstore.SpringReactBookstoreApplication}', contextInitializerClasses = '[]', activeProfiles = '{}', propertySourceLocations = '{}', propertySourceProperties = '{org.springframework.boot.test.autoconfigure.orm.jpa.DataJpaTestContextBootstrapper=true}', contextCustomizers = set[org.springframework.boot.test.autoconfigure.OverrideAutoConfigurationContextCustomizerFactory$DisableAutoConfigurationContextCustomizer@4a9fceb0, org.springframework.boot.test.autoconfigure.actuate.metrics.MetricsExportContextCustomizerFactory$DisableMetricExportContextCustomizer@77134e08, org.springframework.boot.test.autoconfigure.filter.TypeExcludeFiltersContextCustomizer@351584c0, org.springframework.boot.test.autoconfigure.properties.PropertyMappingContextCustomizer@de5a2221, org.springframework.boot.test.autoconfigure.web.servlet.WebDriverContextCustomizerFactory$Customizer@270b6b5e, [ImportsContextCustomizer@1c3b3d09 key = [org.springframework.boot.autoconfigure.cache.CacheAutoConfiguration, org.springframework.boot.autoconfigure.data.jpa.JpaRepositoriesAutoConfiguration, org.springframework.boot.autoconfigure.flyway.FlywayAutoConfiguration, org.springframework.boot.autoconfigure.jdbc.DataSourceAutoConfiguration, org.springframework.boot.autoconfigure.jdbc.DataSourceTransactionManagerAutoConfiguration, org.springframework.boot.autoconfigure.jdbc.JdbcTemplateAutoConfiguration, org.springframework.boot.autoconfigure.liquibase.LiquibaseAutoConfiguration, org.springframework.boot.autoconfigure.orm.jpa.HibernateJpaAutoConfiguration, org.springframework.boot.autoconfigure.sql.init.SqlInitializationAutoConfiguration, org.springframework.boot.autoconfigure.transaction.TransactionAutoConfiguration, org.springframework.boot.test.autoconfigure.jdbc.TestDatabaseAutoConfiguration, org.springframework.boot.test.autoconfigure.orm.jpa.TestEntityManagerAutoConfiguration]], org.springframework.boot.test.context.filter.ExcludeFilterContextCustomizer@3e6534e7, org.springframework.boot.test.json.DuplicateJsonObjectContextCustomizerFactory$DuplicateJsonObjectContextCustomizer@14dc3f89, org.springframework.boot.test.mock.mockito.MockitoContextCustomizer@0, org.springframework.boot.test.context.SpringBootTestArgs@1, org.springframework.boot.test.context.SpringBootTestWebEnvironment@0], contextLoader = 'org.springframework.boot.test.context.SpringBootContextLoader', parent = [null]], attributes = map['org.springframework.test.context.event.ApplicationEventsTestExecutionListener.recordApplicationEvents' -> false]]; transaction manager [org.springframework.orm.jpa.JpaTransactionManager@69abf6de]; rollback [true]
Hibernate: select book0_.id as id1_0_, book0_.description as descript2_0_, book0_.release_year as release_3_0_, book0_.title as title4_0_ from book book0_ where upper(book0_.title)=upper(?)
2022-06-22 14:19:20.409  INFO 91220 --- [    Test worker] o.s.t.c.transaction.TransactionContext   : Rolled back transaction for test: [DefaultTestContext@20a9257 testClass = BookRepositoryTest, testInstance = com.example.SpringReactBookstore.repositories.BookRepositoryTest@26893843, testMethod = shouldReturnOneBookWhenTitleIsTestTitle_IgnoreCase@BookRepositoryTest, testException = [null], mergedContextConfiguration = [MergedContextConfiguration@4bdbaed7 testClass = BookRepositoryTest, locations = '{}', classes = '{class com.example.SpringReactBookstore.SpringReactBookstoreApplication}', contextInitializerClasses = '[]', activeProfiles = '{}', propertySourceLocations = '{}', propertySourceProperties = '{org.springframework.boot.test.autoconfigure.orm.jpa.DataJpaTestContextBootstrapper=true}', contextCustomizers = set[org.springframework.boot.test.autoconfigure.OverrideAutoConfigurationContextCustomizerFactory$DisableAutoConfigurationContextCustomizer@4a9fceb0, org.springframework.boot.test.autoconfigure.actuate.metrics.MetricsExportContextCustomizerFactory$DisableMetricExportContextCustomizer@77134e08, org.springframework.boot.test.autoconfigure.filter.TypeExcludeFiltersContextCustomizer@351584c0, org.springframework.boot.test.autoconfigure.properties.PropertyMappingContextCustomizer@de5a2221, org.springframework.boot.test.autoconfigure.web.servlet.WebDriverContextCustomizerFactory$Customizer@270b6b5e, [ImportsContextCustomizer@1c3b3d09 key = [org.springframework.boot.autoconfigure.cache.CacheAutoConfiguration, org.springframework.boot.autoconfigure.data.jpa.JpaRepositoriesAutoConfiguration, org.springframework.boot.autoconfigure.flyway.FlywayAutoConfiguration, org.springframework.boot.autoconfigure.jdbc.DataSourceAutoConfiguration, org.springframework.boot.autoconfigure.jdbc.DataSourceTransactionManagerAutoConfiguration, org.springframework.boot.autoconfigure.jdbc.JdbcTemplateAutoConfiguration, org.springframework.boot.autoconfigure.liquibase.LiquibaseAutoConfiguration, org.springframework.boot.autoconfigure.orm.jpa.HibernateJpaAutoConfiguration, org.springframework.boot.autoconfigure.sql.init.SqlInitializationAutoConfiguration, org.springframework.boot.autoconfigure.transaction.TransactionAutoConfiguration, org.springframework.boot.test.autoconfigure.jdbc.TestDatabaseAutoConfiguration, org.springframework.boot.test.autoconfigure.orm.jpa.TestEntityManagerAutoConfiguration]], org.springframework.boot.test.context.filter.ExcludeFilterContextCustomizer@3e6534e7, org.springframework.boot.test.json.DuplicateJsonObjectContextCustomizerFactory$DuplicateJsonObjectContextCustomizer@14dc3f89, org.springframework.boot.test.mock.mockito.MockitoContextCustomizer@0, org.springframework.boot.test.context.SpringBootTestArgs@1, org.springframework.boot.test.context.SpringBootTestWebEnvironment@0], contextLoader = 'org.springframework.boot.test.context.SpringBootContextLoader', parent = [null]], attributes = map['org.springframework.test.context.event.ApplicationEventsTestExecutionListener.recordApplicationEvents' -> false]]
2022-06-22 14:19:20.413  INFO 91220 --- [    Test worker] j.LocalContainerEntityManagerFactoryBean : Closing JPA EntityManagerFactory for persistence unit 'default'
]]></system-out>
  <system-err><![CDATA[]]></system-err>
</testsuite>
